2025-05-01 17:28:46,166 - INFO - Generated workflow graph: /home/tmp/tmposywuuaw/PS13_mni/petdeface_wf/petdeface.png (graph2use=colored, simple_form=True).
2025-05-01 17:28:46,179 - INFO - Workflow petdeface_wf settings: ['check', 'execution', 'logging', 'monitoring']
2025-05-01 17:28:46,185 - INFO - Running in parallel.
2025-05-01 17:28:46,188 - INFO - [MultiProc] Running 0 tasks, and 6 jobs ready. Free memory (GB): 338.43/338.43, Free processors: 4/4, Free GPU slot:0/0.
2025-05-01 17:28:46,300 - INFO - [Node] Setting-up "petdeface_wf.single_subject_01_wf.t1w_sub-01_wf.deface_t1w_sub-01" in "/home/tmp/tmposywuuaw/PS13_mni/petdeface_wf/single_subject_01_wf/t1w_sub-01_wf/deface_t1w_sub-01".
2025-05-01 17:28:46,300 - INFO - [Node] Setting-up "petdeface_wf.single_subject_01_wf.pet_sub-01_ses-baseline_wf.weighted_average" in "/home/tmp/tmposywuuaw/PS13_mni/petdeface_wf/single_subject_01_wf/pet_sub-01_ses-baseline_wf/weighted_average".
2025-05-01 17:28:46,301 - INFO - [Node] Setting-up "petdeface_wf.single_subject_02_wf.t1w_sub-02_wf.deface_t1w_sub-02" in "/home/tmp/tmposywuuaw/PS13_mni/petdeface_wf/single_subject_02_wf/t1w_sub-02_wf/deface_t1w_sub-02".
2025-05-01 17:28:46,301 - INFO - [Node] Setting-up "petdeface_wf.single_subject_02_wf.pet_sub-02_ses-baseline_wf.weighted_average" in "/home/tmp/tmposywuuaw/PS13_mni/petdeface_wf/single_subject_02_wf/pet_sub-02_ses-baseline_wf/weighted_average".
2025-05-01 17:28:46,305 - INFO - [Node] Executing "weighted_average" <petdeface.pet.WeightedAverage>
2025-05-01 17:28:46,305 - INFO - [Node] Executing "deface_t1w_sub-01" <petdeface.mideface.Mideface>
2025-05-01 17:28:46,305 - INFO - [Node] Executing "weighted_average" <petdeface.pet.WeightedAverage>
2025-05-01 17:28:46,305 - INFO - [Node] Executing "deface_t1w_sub-02" <petdeface.mideface.Mideface>
2025-05-01 17:28:48,189 - INFO - [MultiProc] Running 4 tasks, and 2 jobs ready. Free memory (GB): 337.63/338.43, Free processors: 0/4, Free GPU slot:0/0.
                     Currently running:
                       * petdeface_wf.single_subject_02_wf.pet_sub-02_ses-baseline_wf.weighted_average
                       * petdeface_wf.single_subject_02_wf.t1w_sub-02_wf.deface_t1w_sub-02
                       * petdeface_wf.single_subject_01_wf.pet_sub-01_ses-baseline_wf.weighted_average
                       * petdeface_wf.single_subject_01_wf.t1w_sub-01_wf.deface_t1w_sub-01
2025-05-01 17:28:50,070 - INFO - [Node] Finished "weighted_average", elapsed time 3.763081s.
2025-05-01 17:28:50,103 - INFO - [Node] Finished "weighted_average", elapsed time 3.795794s.
2025-05-01 17:28:50,188 - INFO - [Job 1] Completed (petdeface_wf.single_subject_01_wf.pet_sub-01_ses-baseline_wf.weighted_average).
2025-05-01 17:28:50,189 - INFO - [Job 3] Completed (petdeface_wf.single_subject_02_wf.pet_sub-02_ses-baseline_wf.weighted_average).
2025-05-01 17:28:50,191 - INFO - [MultiProc] Running 2 tasks, and 4 jobs ready. Free memory (GB): 338.03/338.43, Free processors: 2/4, Free GPU slot:0/0.
                     Currently running:
                       * petdeface_wf.single_subject_02_wf.t1w_sub-02_wf.deface_t1w_sub-02
                       * petdeface_wf.single_subject_01_wf.t1w_sub-01_wf.deface_t1w_sub-01
2025-05-01 17:28:50,301 - INFO - [Node] Setting-up "petdeface_wf.single_subject_03_wf.pet_sub-03_ses-baseline_wf.weighted_average" in "/home/tmp/tmposywuuaw/PS13_mni/petdeface_wf/single_subject_03_wf/pet_sub-03_ses-baseline_wf/weighted_average".
2025-05-01 17:28:50,301 - INFO - [Node] Setting-up "petdeface_wf.single_subject_03_wf.t1w_sub-03_wf.deface_t1w_sub-03" in "/home/tmp/tmposywuuaw/PS13_mni/petdeface_wf/single_subject_03_wf/t1w_sub-03_wf/deface_t1w_sub-03".
2025-05-01 17:28:50,303 - INFO - [Node] Executing "weighted_average" <petdeface.pet.WeightedAverage>
2025-05-01 17:28:50,304 - INFO - [Node] Executing "deface_t1w_sub-03" <petdeface.mideface.Mideface>
2025-05-01 17:28:52,188 - INFO - [MultiProc] Running 4 tasks, and 2 jobs ready. Free memory (GB): 337.63/338.43, Free processors: 0/4, Free GPU slot:0/0.
                     Currently running:
                       * petdeface_wf.single_subject_03_wf.pet_sub-03_ses-baseline_wf.weighted_average
                       * petdeface_wf.single_subject_03_wf.t1w_sub-03_wf.deface_t1w_sub-03
                       * petdeface_wf.single_subject_02_wf.t1w_sub-02_wf.deface_t1w_sub-02
                       * petdeface_wf.single_subject_01_wf.t1w_sub-01_wf.deface_t1w_sub-01
2025-05-01 17:28:53,993 - INFO - [Node] Finished "weighted_average", elapsed time 3.688457s.
2025-05-01 17:28:54,188 - INFO - [Job 5] Completed (petdeface_wf.single_subject_03_wf.pet_sub-03_ses-baseline_wf.weighted_average).
2025-05-01 17:28:54,190 - INFO - [MultiProc] Running 3 tasks, and 3 jobs ready. Free memory (GB): 337.83/338.43, Free processors: 1/4, Free GPU slot:0/0.
                     Currently running:
                       * petdeface_wf.single_subject_03_wf.t1w_sub-03_wf.deface_t1w_sub-03
                       * petdeface_wf.single_subject_02_wf.t1w_sub-02_wf.deface_t1w_sub-02
                       * petdeface_wf.single_subject_01_wf.t1w_sub-01_wf.deface_t1w_sub-01
2025-05-01 17:28:54,277 - INFO - [Node] Setting-up "petdeface_wf.single_subject_01_wf.pet_sub-01_ses-baseline_wf.coreg_pet_to_t1w" in "/home/tmp/tmposywuuaw/PS13_mni/petdeface_wf/single_subject_01_wf/pet_sub-01_ses-baseline_wf/coreg_pet_to_t1w".
2025-05-01 17:28:54,281 - INFO - [Node] Executing "coreg_pet_to_t1w" <nipype.interfaces.freesurfer.registration.MRICoreg>
2025-05-01 17:28:56,189 - INFO - [MultiProc] Running 4 tasks, and 2 jobs ready. Free memory (GB): 337.63/338.43, Free processors: 0/4, Free GPU slot:0/0.
                     Currently running:
                       * petdeface_wf.single_subject_01_wf.pet_sub-01_ses-baseline_wf.coreg_pet_to_t1w
                       * petdeface_wf.single_subject_03_wf.t1w_sub-03_wf.deface_t1w_sub-03
                       * petdeface_wf.single_subject_02_wf.t1w_sub-02_wf.deface_t1w_sub-02
                       * petdeface_wf.single_subject_01_wf.t1w_sub-01_wf.deface_t1w_sub-01
2025-05-01 17:34:03,931 - INFO - [Node] Finished "deface_t1w_sub-02", elapsed time 317.623478s.
2025-05-01 17:34:04,216 - INFO - [Job 2] Completed (petdeface_wf.single_subject_02_wf.t1w_sub-02_wf.deface_t1w_sub-02).
2025-05-01 17:34:04,218 - INFO - [MultiProc] Running 3 tasks, and 2 jobs ready. Free memory (GB): 337.83/338.43, Free processors: 1/4, Free GPU slot:0/0.
                     Currently running:
                       * petdeface_wf.single_subject_01_wf.pet_sub-01_ses-baseline_wf.coreg_pet_to_t1w
                       * petdeface_wf.single_subject_03_wf.t1w_sub-03_wf.deface_t1w_sub-03
                       * petdeface_wf.single_subject_01_wf.t1w_sub-01_wf.deface_t1w_sub-01
2025-05-01 17:34:04,306 - INFO - [Node] Setting-up "petdeface_wf.single_subject_02_wf.pet_sub-02_ses-baseline_wf.coreg_pet_to_t1w" in "/home/tmp/tmposywuuaw/PS13_mni/petdeface_wf/single_subject_02_wf/pet_sub-02_ses-baseline_wf/coreg_pet_to_t1w".
2025-05-01 17:34:04,310 - INFO - [Node] Executing "coreg_pet_to_t1w" <nipype.interfaces.freesurfer.registration.MRICoreg>
2025-05-01 17:34:06,216 - INFO - [MultiProc] Running 4 tasks, and 1 jobs ready. Free memory (GB): 337.63/338.43, Free processors: 0/4, Free GPU slot:0/0.
                     Currently running:
                       * petdeface_wf.single_subject_02_wf.pet_sub-02_ses-baseline_wf.coreg_pet_to_t1w
                       * petdeface_wf.single_subject_01_wf.pet_sub-01_ses-baseline_wf.coreg_pet_to_t1w
                       * petdeface_wf.single_subject_03_wf.t1w_sub-03_wf.deface_t1w_sub-03
                       * petdeface_wf.single_subject_01_wf.t1w_sub-01_wf.deface_t1w_sub-01
2025-05-01 17:34:08,145 - INFO - [Node] Finished "deface_t1w_sub-01", elapsed time 321.837568s.
2025-05-01 17:34:08,216 - INFO - [Job 0] Completed (petdeface_wf.single_subject_01_wf.t1w_sub-01_wf.deface_t1w_sub-01).
2025-05-01 17:34:08,218 - INFO - [MultiProc] Running 3 tasks, and 1 jobs ready. Free memory (GB): 337.83/338.43, Free processors: 1/4, Free GPU slot:0/0.
                     Currently running:
                       * petdeface_wf.single_subject_02_wf.pet_sub-02_ses-baseline_wf.coreg_pet_to_t1w
                       * petdeface_wf.single_subject_01_wf.pet_sub-01_ses-baseline_wf.coreg_pet_to_t1w
                       * petdeface_wf.single_subject_03_wf.t1w_sub-03_wf.deface_t1w_sub-03
2025-05-01 17:34:08,312 - INFO - [Node] Setting-up "petdeface_wf.single_subject_03_wf.pet_sub-03_ses-baseline_wf.coreg_pet_to_t1w" in "/home/tmp/tmposywuuaw/PS13_mni/petdeface_wf/single_subject_03_wf/pet_sub-03_ses-baseline_wf/coreg_pet_to_t1w".
2025-05-01 17:34:08,316 - INFO - [Node] Executing "coreg_pet_to_t1w" <nipype.interfaces.freesurfer.registration.MRICoreg>
2025-05-01 17:34:10,217 - INFO - [MultiProc] Running 4 tasks, and 0 jobs ready. Free memory (GB): 337.63/338.43, Free processors: 0/4, Free GPU slot:0/0.
                     Currently running:
                       * petdeface_wf.single_subject_03_wf.pet_sub-03_ses-baseline_wf.coreg_pet_to_t1w
                       * petdeface_wf.single_subject_02_wf.pet_sub-02_ses-baseline_wf.coreg_pet_to_t1w
                       * petdeface_wf.single_subject_01_wf.pet_sub-01_ses-baseline_wf.coreg_pet_to_t1w
                       * petdeface_wf.single_subject_03_wf.t1w_sub-03_wf.deface_t1w_sub-03
2025-05-01 17:34:12,193 - INFO - [Node] Finished "deface_t1w_sub-03", elapsed time 321.887522s.
2025-05-01 17:34:14,217 - INFO - [Job 4] Completed (petdeface_wf.single_subject_03_wf.t1w_sub-03_wf.deface_t1w_sub-03).
2025-05-01 17:34:14,218 - INFO - [MultiProc] Running 3 tasks, and 0 jobs ready. Free memory (GB): 337.83/338.43, Free processors: 1/4, Free GPU slot:0/0.
                     Currently running:
                       * petdeface_wf.single_subject_03_wf.pet_sub-03_ses-baseline_wf.coreg_pet_to_t1w
                       * petdeface_wf.single_subject_02_wf.pet_sub-02_ses-baseline_wf.coreg_pet_to_t1w
                       * petdeface_wf.single_subject_01_wf.pet_sub-01_ses-baseline_wf.coreg_pet_to_t1w
2025-05-01 17:36:07,250 - INFO - [Node] Finished "coreg_pet_to_t1w", elapsed time 432.967966s.
2025-05-01 17:36:08,228 - INFO - [Job 6] Completed (petdeface_wf.single_subject_01_wf.pet_sub-01_ses-baseline_wf.coreg_pet_to_t1w).
2025-05-01 17:36:08,230 - INFO - [MultiProc] Running 2 tasks, and 1 jobs ready. Free memory (GB): 338.03/338.43, Free processors: 2/4, Free GPU slot:0/0.
                     Currently running:
                       * petdeface_wf.single_subject_03_wf.pet_sub-03_ses-baseline_wf.coreg_pet_to_t1w
                       * petdeface_wf.single_subject_02_wf.pet_sub-02_ses-baseline_wf.coreg_pet_to_t1w
2025-05-01 17:36:08,317 - INFO - [Node] Setting-up "petdeface_wf.single_subject_01_wf.pet_sub-01_ses-baseline_wf.deface_pet" in "/home/tmp/tmposywuuaw/PS13_mni/petdeface_wf/single_subject_01_wf/pet_sub-01_ses-baseline_wf/deface_pet".
2025-05-01 17:36:08,320 - INFO - [Node] Executing "deface_pet" <petdeface.mideface.ApplyMideface>
2025-05-01 17:36:10,228 - INFO - [MultiProc] Running 3 tasks, and 0 jobs ready. Free memory (GB): 337.83/338.43, Free processors: 1/4, Free GPU slot:0/0.
                     Currently running:
                       * petdeface_wf.single_subject_01_wf.pet_sub-01_ses-baseline_wf.deface_pet
                       * petdeface_wf.single_subject_03_wf.pet_sub-03_ses-baseline_wf.coreg_pet_to_t1w
                       * petdeface_wf.single_subject_02_wf.pet_sub-02_ses-baseline_wf.coreg_pet_to_t1w
2025-05-01 17:36:35,782 - INFO - [Node] Finished "deface_pet", elapsed time 27.460956s.
2025-05-01 17:36:36,230 - INFO - [Job 9] Completed (petdeface_wf.single_subject_01_wf.pet_sub-01_ses-baseline_wf.deface_pet).
2025-05-01 17:36:36,232 - INFO - [MultiProc] Running 2 tasks, and 1 jobs ready. Free memory (GB): 338.03/338.43, Free processors: 2/4, Free GPU slot:0/0.
                     Currently running:
                       * petdeface_wf.single_subject_03_wf.pet_sub-03_ses-baseline_wf.coreg_pet_to_t1w
                       * petdeface_wf.single_subject_02_wf.pet_sub-02_ses-baseline_wf.coreg_pet_to_t1w
2025-05-01 17:36:36,328 - INFO - [Node] Setting-up "petdeface_wf.single_subject_01_wf.single_subject_01_wf.t1w_sub-01_wf.sink" in "/home/tmp/tmposywuuaw/PS13_mni/petdeface_wf/single_subject_01_wf/single_subject_01_wf/t1w_sub-01_wf/sink".
2025-05-01 17:36:36,333 - INFO - [Node] Executing "sink" <nipype.interfaces.io.DataSink>
2025-05-01 17:36:36,335 - INFO - [Node] Finished "sink", elapsed time 0.000604s.
2025-05-01 17:36:38,231 - INFO - [Job 12] Completed (petdeface_wf.single_subject_01_wf.single_subject_01_wf.t1w_sub-01_wf.sink).
2025-05-01 17:36:38,232 - INFO - [MultiProc] Running 2 tasks, and 0 jobs ready. Free memory (GB): 338.03/338.43, Free processors: 2/4, Free GPU slot:0/0.
                     Currently running:
                       * petdeface_wf.single_subject_03_wf.pet_sub-03_ses-baseline_wf.coreg_pet_to_t1w
                       * petdeface_wf.single_subject_02_wf.pet_sub-02_ses-baseline_wf.coreg_pet_to_t1w
2025-05-01 17:39:09,343 - INFO - [Node] Finished "coreg_pet_to_t1w", elapsed time 301.025084s.
2025-05-01 17:39:10,246 - INFO - [Job 8] Completed (petdeface_wf.single_subject_03_wf.pet_sub-03_ses-baseline_wf.coreg_pet_to_t1w).
2025-05-01 17:39:10,247 - INFO - [MultiProc] Running 1 tasks, and 1 jobs ready. Free memory (GB): 338.23/338.43, Free processors: 3/4, Free GPU slot:0/0.
                     Currently running:
                       * petdeface_wf.single_subject_02_wf.pet_sub-02_ses-baseline_wf.coreg_pet_to_t1w
2025-05-01 17:39:10,348 - INFO - [Node] Setting-up "petdeface_wf.single_subject_03_wf.pet_sub-03_ses-baseline_wf.deface_pet" in "/home/tmp/tmposywuuaw/PS13_mni/petdeface_wf/single_subject_03_wf/pet_sub-03_ses-baseline_wf/deface_pet".
2025-05-01 17:39:10,351 - INFO - [Node] Executing "deface_pet" <petdeface.mideface.ApplyMideface>
2025-05-01 17:39:12,246 - INFO - [MultiProc] Running 2 tasks, and 0 jobs ready. Free memory (GB): 338.03/338.43, Free processors: 2/4, Free GPU slot:0/0.
                     Currently running:
                       * petdeface_wf.single_subject_03_wf.pet_sub-03_ses-baseline_wf.deface_pet
                       * petdeface_wf.single_subject_02_wf.pet_sub-02_ses-baseline_wf.coreg_pet_to_t1w
2025-05-01 17:39:36,634 - INFO - [Node] Finished "deface_pet", elapsed time 26.281239s.
2025-05-01 17:39:38,248 - INFO - [Job 11] Completed (petdeface_wf.single_subject_03_wf.pet_sub-03_ses-baseline_wf.deface_pet).
2025-05-01 17:39:38,250 - INFO - [MultiProc] Running 1 tasks, and 1 jobs ready. Free memory (GB): 338.23/338.43, Free processors: 3/4, Free GPU slot:0/0.
                     Currently running:
                       * petdeface_wf.single_subject_02_wf.pet_sub-02_ses-baseline_wf.coreg_pet_to_t1w
2025-05-01 17:39:38,339 - INFO - [Node] Setting-up "petdeface_wf.single_subject_03_wf.single_subject_03_wf.t1w_sub-03_wf.sink" in "/home/tmp/tmposywuuaw/PS13_mni/petdeface_wf/single_subject_03_wf/single_subject_03_wf/t1w_sub-03_wf/sink".
2025-05-01 17:39:38,344 - INFO - [Node] Executing "sink" <nipype.interfaces.io.DataSink>
2025-05-01 17:39:38,346 - INFO - [Node] Finished "sink", elapsed time 0.000552s.
2025-05-01 17:39:40,248 - INFO - [Job 14] Completed (petdeface_wf.single_subject_03_wf.single_subject_03_wf.t1w_sub-03_wf.sink).
2025-05-01 17:39:40,250 - INFO - [MultiProc] Running 1 tasks, and 0 jobs ready. Free memory (GB): 338.23/338.43, Free processors: 3/4, Free GPU slot:0/0.
                     Currently running:
                       * petdeface_wf.single_subject_02_wf.pet_sub-02_ses-baseline_wf.coreg_pet_to_t1w
2025-05-01 17:40:11,726 - INFO - [Node] Finished "coreg_pet_to_t1w", elapsed time 367.414199s.
2025-05-01 17:40:12,252 - INFO - [Job 7] Completed (petdeface_wf.single_subject_02_wf.pet_sub-02_ses-baseline_wf.coreg_pet_to_t1w).
2025-05-01 17:40:12,253 - INFO - [MultiProc] Running 0 tasks, and 1 jobs ready. Free memory (GB): 338.43/338.43, Free processors: 4/4, Free GPU slot:0/0.
2025-05-01 17:40:12,342 - INFO - [Node] Setting-up "petdeface_wf.single_subject_02_wf.pet_sub-02_ses-baseline_wf.deface_pet" in "/home/tmp/tmposywuuaw/PS13_mni/petdeface_wf/single_subject_02_wf/pet_sub-02_ses-baseline_wf/deface_pet".
2025-05-01 17:40:12,346 - INFO - [Node] Executing "deface_pet" <petdeface.mideface.ApplyMideface>
2025-05-01 17:40:14,252 - INFO - [MultiProc] Running 1 tasks, and 0 jobs ready. Free memory (GB): 338.23/338.43, Free processors: 3/4, Free GPU slot:0/0.
                     Currently running:
                       * petdeface_wf.single_subject_02_wf.pet_sub-02_ses-baseline_wf.deface_pet
2025-05-01 17:40:38,385 - INFO - [Node] Finished "deface_pet", elapsed time 26.037793s.
2025-05-01 17:40:40,254 - INFO - [Job 10] Completed (petdeface_wf.single_subject_02_wf.pet_sub-02_ses-baseline_wf.deface_pet).
2025-05-01 17:40:40,256 - INFO - [MultiProc] Running 0 tasks, and 1 jobs ready. Free memory (GB): 338.43/338.43, Free processors: 4/4, Free GPU slot:0/0.
2025-05-01 17:40:40,342 - INFO - [Node] Setting-up "petdeface_wf.single_subject_02_wf.single_subject_02_wf.t1w_sub-02_wf.sink" in "/home/tmp/tmposywuuaw/PS13_mni/petdeface_wf/single_subject_02_wf/single_subject_02_wf/t1w_sub-02_wf/sink".
2025-05-01 17:40:40,347 - INFO - [Node] Executing "sink" <nipype.interfaces.io.DataSink>
2025-05-01 17:40:40,349 - INFO - [Node] Finished "sink", elapsed time 0.000605s.
2025-05-01 17:40:42,255 - INFO - [Job 13] Completed (petdeface_wf.single_subject_02_wf.single_subject_02_wf.t1w_sub-02_wf.sink).
2025-05-01 17:40:42,256 - INFO - [MultiProc] Running 0 tasks, and 0 jobs ready. Free memory (GB): 338.43/338.43, Free processors: 4/4, Free GPU slot:0/0.
2025-05-01 17:40:45,064 - INFO - Data can be found at /home/galassiae/petdeface_jupypter_book_results
2025-05-01 17:40:45,064 - INFO - finished processing for PS13:mni
2025-05-01 17:40:46,456 - INFO - Generated workflow graph: /home/tmp/tmpm_r9wmtn/MC1_mni/petdeface_wf/petdeface.png (graph2use=colored, simple_form=True).
2025-05-01 17:40:46,465 - INFO - Workflow petdeface_wf settings: ['check', 'execution', 'logging', 'monitoring']
2025-05-01 17:40:46,472 - INFO - Running in parallel.
2025-05-01 17:40:46,474 - INFO - [MultiProc] Running 0 tasks, and 9 jobs ready. Free memory (GB): 338.43/338.43, Free processors: 4/4, Free GPU slot:0/0.
2025-05-01 17:40:46,596 - INFO - [Node] Setting-up "petdeface_wf.single_subject_04_wf.pet_sub-04_ses-01_wf.weighted_average" in "/home/tmp/tmpm_r9wmtn/MC1_mni/petdeface_wf/single_subject_04_wf/pet_sub-04_ses-01_wf/weighted_average".
2025-05-01 17:40:46,596 - INFO - [Node] Setting-up "petdeface_wf.single_subject_04_wf.t1w_sub-04_wf.deface_t1w_sub-04" in "/home/tmp/tmpm_r9wmtn/MC1_mni/petdeface_wf/single_subject_04_wf/t1w_sub-04_wf/deface_t1w_sub-04".
2025-05-01 17:40:46,596 - INFO - [Node] Setting-up "petdeface_wf.single_subject_04_wf.pet_sub-04_ses-02_wf.weighted_average" in "/home/tmp/tmpm_r9wmtn/MC1_mni/petdeface_wf/single_subject_04_wf/pet_sub-04_ses-02_wf/weighted_average".
2025-05-01 17:40:46,597 - INFO - [Node] Setting-up "petdeface_wf.single_subject_05_wf.t1w_sub-05_wf.deface_t1w_sub-05" in "/home/tmp/tmpm_r9wmtn/MC1_mni/petdeface_wf/single_subject_05_wf/t1w_sub-05_wf/deface_t1w_sub-05".
2025-05-01 17:40:46,600 - INFO - [Node] Executing "weighted_average" <petdeface.pet.WeightedAverage>
2025-05-01 17:40:46,600 - INFO - [Node] Executing "weighted_average" <petdeface.pet.WeightedAverage>
2025-05-01 17:40:46,601 - INFO - [Node] Executing "deface_t1w_sub-04" <petdeface.mideface.Mideface>
2025-05-01 17:40:46,601 - INFO - [Node] Executing "deface_t1w_sub-05" <petdeface.mideface.Mideface>
2025-05-01 17:40:48,476 - INFO - [MultiProc] Running 4 tasks, and 5 jobs ready. Free memory (GB): 337.63/338.43, Free processors: 0/4, Free GPU slot:0/0.
                     Currently running:
                       * petdeface_wf.single_subject_05_wf.t1w_sub-05_wf.deface_t1w_sub-05
                       * petdeface_wf.single_subject_04_wf.pet_sub-04_ses-02_wf.weighted_average
                       * petdeface_wf.single_subject_04_wf.pet_sub-04_ses-01_wf.weighted_average
                       * petdeface_wf.single_subject_04_wf.t1w_sub-04_wf.deface_t1w_sub-04
2025-05-01 17:40:51,143 - INFO - [Node] Finished "weighted_average", elapsed time 4.540803s.
2025-05-01 17:40:51,179 - INFO - [Node] Finished "weighted_average", elapsed time 4.576837s.
2025-05-01 17:40:52,475 - INFO - [Job 1] Completed (petdeface_wf.single_subject_04_wf.pet_sub-04_ses-01_wf.weighted_average).
2025-05-01 17:40:52,476 - INFO - [Job 2] Completed (petdeface_wf.single_subject_04_wf.pet_sub-04_ses-02_wf.weighted_average).
2025-05-01 17:40:52,478 - INFO - [MultiProc] Running 2 tasks, and 7 jobs ready. Free memory (GB): 338.03/338.43, Free processors: 2/4, Free GPU slot:0/0.
                     Currently running:
                       * petdeface_wf.single_subject_05_wf.t1w_sub-05_wf.deface_t1w_sub-05
                       * petdeface_wf.single_subject_04_wf.t1w_sub-04_wf.deface_t1w_sub-04
2025-05-01 17:40:52,597 - INFO - [Node] Setting-up "petdeface_wf.single_subject_05_wf.pet_sub-05_ses-02_wf.weighted_average" in "/home/tmp/tmpm_r9wmtn/MC1_mni/petdeface_wf/single_subject_05_wf/pet_sub-05_ses-02_wf/weighted_average".
2025-05-01 17:40:52,597 - INFO - [Node] Setting-up "petdeface_wf.single_subject_05_wf.pet_sub-05_ses-01_wf.weighted_average" in "/home/tmp/tmpm_r9wmtn/MC1_mni/petdeface_wf/single_subject_05_wf/pet_sub-05_ses-01_wf/weighted_average".
2025-05-01 17:40:52,599 - INFO - [Node] Executing "weighted_average" <petdeface.pet.WeightedAverage>
2025-05-01 17:40:52,599 - INFO - [Node] Executing "weighted_average" <petdeface.pet.WeightedAverage>
2025-05-01 17:40:54,476 - INFO - [MultiProc] Running 4 tasks, and 5 jobs ready. Free memory (GB): 337.63/338.43, Free processors: 0/4, Free GPU slot:0/0.
                     Currently running:
                       * petdeface_wf.single_subject_05_wf.pet_sub-05_ses-02_wf.weighted_average
                       * petdeface_wf.single_subject_05_wf.pet_sub-05_ses-01_wf.weighted_average
                       * petdeface_wf.single_subject_05_wf.t1w_sub-05_wf.deface_t1w_sub-05
                       * petdeface_wf.single_subject_04_wf.t1w_sub-04_wf.deface_t1w_sub-04
2025-05-01 17:40:57,009 - INFO - [Node] Finished "weighted_average", elapsed time 4.408962s.
2025-05-01 17:40:57,035 - INFO - [Node] Finished "weighted_average", elapsed time 4.434558s.
2025-05-01 17:40:58,475 - INFO - [Job 4] Completed (petdeface_wf.single_subject_05_wf.pet_sub-05_ses-01_wf.weighted_average).
2025-05-01 17:40:58,477 - INFO - [Job 5] Completed (petdeface_wf.single_subject_05_wf.pet_sub-05_ses-02_wf.weighted_average).
2025-05-01 17:40:58,478 - INFO - [MultiProc] Running 2 tasks, and 7 jobs ready. Free memory (GB): 338.03/338.43, Free processors: 2/4, Free GPU slot:0/0.
                     Currently running:
                       * petdeface_wf.single_subject_05_wf.t1w_sub-05_wf.deface_t1w_sub-05
                       * petdeface_wf.single_subject_04_wf.t1w_sub-04_wf.deface_t1w_sub-04
2025-05-01 17:40:58,575 - INFO - [Node] Setting-up "petdeface_wf.single_subject_06_wf.t1w_sub-06_wf.deface_t1w_sub-06" in "/home/tmp/tmpm_r9wmtn/MC1_mni/petdeface_wf/single_subject_06_wf/t1w_sub-06_wf/deface_t1w_sub-06".
2025-05-01 17:40:58,575 - INFO - [Node] Setting-up "petdeface_wf.single_subject_06_wf.pet_sub-06_ses-01_wf.weighted_average" in "/home/tmp/tmpm_r9wmtn/MC1_mni/petdeface_wf/single_subject_06_wf/pet_sub-06_ses-01_wf/weighted_average".
2025-05-01 17:40:58,577 - INFO - [Node] Executing "weighted_average" <petdeface.pet.WeightedAverage>
2025-05-01 17:40:58,577 - INFO - [Node] Executing "deface_t1w_sub-06" <petdeface.mideface.Mideface>
2025-05-01 17:41:00,476 - INFO - [MultiProc] Running 4 tasks, and 5 jobs ready. Free memory (GB): 337.63/338.43, Free processors: 0/4, Free GPU slot:0/0.
                     Currently running:
                       * petdeface_wf.single_subject_06_wf.pet_sub-06_ses-01_wf.weighted_average
                       * petdeface_wf.single_subject_06_wf.t1w_sub-06_wf.deface_t1w_sub-06
                       * petdeface_wf.single_subject_05_wf.t1w_sub-05_wf.deface_t1w_sub-05
                       * petdeface_wf.single_subject_04_wf.t1w_sub-04_wf.deface_t1w_sub-04
2025-05-01 17:41:02,924 - INFO - [Node] Finished "weighted_average", elapsed time 4.346068s.
2025-05-01 17:41:04,476 - INFO - [Job 7] Completed (petdeface_wf.single_subject_06_wf.pet_sub-06_ses-01_wf.weighted_average).
2025-05-01 17:41:04,478 - INFO - [MultiProc] Running 3 tasks, and 6 jobs ready. Free memory (GB): 337.83/338.43, Free processors: 1/4, Free GPU slot:0/0.
                     Currently running:
                       * petdeface_wf.single_subject_06_wf.t1w_sub-06_wf.deface_t1w_sub-06
                       * petdeface_wf.single_subject_05_wf.t1w_sub-05_wf.deface_t1w_sub-05
                       * petdeface_wf.single_subject_04_wf.t1w_sub-04_wf.deface_t1w_sub-04
2025-05-01 17:41:04,575 - INFO - [Node] Setting-up "petdeface_wf.single_subject_06_wf.pet_sub-06_ses-02_wf.weighted_average" in "/home/tmp/tmpm_r9wmtn/MC1_mni/petdeface_wf/single_subject_06_wf/pet_sub-06_ses-02_wf/weighted_average".
2025-05-01 17:41:04,578 - INFO - [Node] Executing "weighted_average" <petdeface.pet.WeightedAverage>
2025-05-01 17:41:06,477 - INFO - [MultiProc] Running 4 tasks, and 5 jobs ready. Free memory (GB): 337.63/338.43, Free processors: 0/4, Free GPU slot:0/0.
                     Currently running:
                       * petdeface_wf.single_subject_06_wf.pet_sub-06_ses-02_wf.weighted_average
                       * petdeface_wf.single_subject_06_wf.t1w_sub-06_wf.deface_t1w_sub-06
                       * petdeface_wf.single_subject_05_wf.t1w_sub-05_wf.deface_t1w_sub-05
                       * petdeface_wf.single_subject_04_wf.t1w_sub-04_wf.deface_t1w_sub-04
2025-05-01 17:41:08,831 - INFO - [Node] Finished "weighted_average", elapsed time 4.252187s.
2025-05-01 17:41:10,476 - INFO - [Job 8] Completed (petdeface_wf.single_subject_06_wf.pet_sub-06_ses-02_wf.weighted_average).
2025-05-01 17:41:10,478 - INFO - [MultiProc] Running 3 tasks, and 6 jobs ready. Free memory (GB): 337.83/338.43, Free processors: 1/4, Free GPU slot:0/0.
                     Currently running:
                       * petdeface_wf.single_subject_06_wf.t1w_sub-06_wf.deface_t1w_sub-06
                       * petdeface_wf.single_subject_05_wf.t1w_sub-05_wf.deface_t1w_sub-05
                       * petdeface_wf.single_subject_04_wf.t1w_sub-04_wf.deface_t1w_sub-04
2025-05-01 17:41:10,576 - INFO - [Node] Setting-up "petdeface_wf.single_subject_04_wf.pet_sub-04_ses-01_wf.coreg_pet_to_t1w" in "/home/tmp/tmpm_r9wmtn/MC1_mni/petdeface_wf/single_subject_04_wf/pet_sub-04_ses-01_wf/coreg_pet_to_t1w".
2025-05-01 17:41:10,579 - INFO - [Node] Executing "coreg_pet_to_t1w" <nipype.interfaces.freesurfer.registration.MRICoreg>
2025-05-01 17:41:12,477 - INFO - [MultiProc] Running 4 tasks, and 5 jobs ready. Free memory (GB): 337.63/338.43, Free processors: 0/4, Free GPU slot:0/0.
                     Currently running:
                       * petdeface_wf.single_subject_04_wf.pet_sub-04_ses-01_wf.coreg_pet_to_t1w
                       * petdeface_wf.single_subject_06_wf.t1w_sub-06_wf.deface_t1w_sub-06
                       * petdeface_wf.single_subject_05_wf.t1w_sub-05_wf.deface_t1w_sub-05
                       * petdeface_wf.single_subject_04_wf.t1w_sub-04_wf.deface_t1w_sub-04
2025-05-01 17:46:32,985 - INFO - [Node] Finished "deface_t1w_sub-05", elapsed time 346.382458s.
2025-05-01 17:46:33,684 - INFO - [Node] Finished "deface_t1w_sub-04", elapsed time 347.081404s.
2025-05-01 17:46:34,509 - INFO - [Job 0] Completed (petdeface_wf.single_subject_04_wf.t1w_sub-04_wf.deface_t1w_sub-04).
2025-05-01 17:46:34,511 - INFO - [Job 3] Completed (petdeface_wf.single_subject_05_wf.t1w_sub-05_wf.deface_t1w_sub-05).
2025-05-01 17:46:34,513 - INFO - [MultiProc] Running 2 tasks, and 5 jobs ready. Free memory (GB): 338.03/338.43, Free processors: 2/4, Free GPU slot:0/0.
                     Currently running:
                       * petdeface_wf.single_subject_04_wf.pet_sub-04_ses-01_wf.coreg_pet_to_t1w
                       * petdeface_wf.single_subject_06_wf.t1w_sub-06_wf.deface_t1w_sub-06
2025-05-01 17:46:34,754 - INFO - [Node] Setting-up "petdeface_wf.single_subject_04_wf.pet_sub-04_ses-02_wf.coreg_pet_to_t1w" in "/home/tmp/tmpm_r9wmtn/MC1_mni/petdeface_wf/single_subject_04_wf/pet_sub-04_ses-02_wf/coreg_pet_to_t1w".
2025-05-01 17:46:34,754 - INFO - [Node] Setting-up "petdeface_wf.single_subject_05_wf.pet_sub-05_ses-01_wf.coreg_pet_to_t1w" in "/home/tmp/tmpm_r9wmtn/MC1_mni/petdeface_wf/single_subject_05_wf/pet_sub-05_ses-01_wf/coreg_pet_to_t1w".
2025-05-01 17:46:34,758 - INFO - [Node] Executing "coreg_pet_to_t1w" <nipype.interfaces.freesurfer.registration.MRICoreg>
2025-05-01 17:46:34,758 - INFO - [Node] Executing "coreg_pet_to_t1w" <nipype.interfaces.freesurfer.registration.MRICoreg>
2025-05-01 17:46:36,510 - INFO - [MultiProc] Running 4 tasks, and 3 jobs ready. Free memory (GB): 337.63/338.43, Free processors: 0/4, Free GPU slot:0/0.
                     Currently running:
                       * petdeface_wf.single_subject_05_wf.pet_sub-05_ses-01_wf.coreg_pet_to_t1w
                       * petdeface_wf.single_subject_04_wf.pet_sub-04_ses-02_wf.coreg_pet_to_t1w
                       * petdeface_wf.single_subject_04_wf.pet_sub-04_ses-01_wf.coreg_pet_to_t1w
                       * petdeface_wf.single_subject_06_wf.t1w_sub-06_wf.deface_t1w_sub-06
2025-05-01 17:46:40,160 - INFO - [Node] Finished "deface_t1w_sub-06", elapsed time 341.581065s.
2025-05-01 17:46:40,510 - INFO - [Job 6] Completed (petdeface_wf.single_subject_06_wf.t1w_sub-06_wf.deface_t1w_sub-06).
2025-05-01 17:46:40,513 - INFO - [MultiProc] Running 3 tasks, and 3 jobs ready. Free memory (GB): 337.83/338.43, Free processors: 1/4, Free GPU slot:0/0.
                     Currently running:
                       * petdeface_wf.single_subject_05_wf.pet_sub-05_ses-01_wf.coreg_pet_to_t1w
                       * petdeface_wf.single_subject_04_wf.pet_sub-04_ses-02_wf.coreg_pet_to_t1w
                       * petdeface_wf.single_subject_04_wf.pet_sub-04_ses-01_wf.coreg_pet_to_t1w
2025-05-01 17:46:40,652 - INFO - [Node] Setting-up "petdeface_wf.single_subject_05_wf.pet_sub-05_ses-02_wf.coreg_pet_to_t1w" in "/home/tmp/tmpm_r9wmtn/MC1_mni/petdeface_wf/single_subject_05_wf/pet_sub-05_ses-02_wf/coreg_pet_to_t1w".
2025-05-01 17:46:40,657 - INFO - [Node] Executing "coreg_pet_to_t1w" <nipype.interfaces.freesurfer.registration.MRICoreg>
2025-05-01 17:46:42,510 - INFO - [MultiProc] Running 4 tasks, and 2 jobs ready. Free memory (GB): 337.63/338.43, Free processors: 0/4, Free GPU slot:0/0.
                     Currently running:
                       * petdeface_wf.single_subject_05_wf.pet_sub-05_ses-02_wf.coreg_pet_to_t1w
                       * petdeface_wf.single_subject_05_wf.pet_sub-05_ses-01_wf.coreg_pet_to_t1w
                       * petdeface_wf.single_subject_04_wf.pet_sub-04_ses-02_wf.coreg_pet_to_t1w
                       * petdeface_wf.single_subject_04_wf.pet_sub-04_ses-01_wf.coreg_pet_to_t1w
2025-05-01 17:48:37,005 - INFO - [Node] Finished "coreg_pet_to_t1w", elapsed time 446.423711s.
2025-05-01 17:49:27,387 - INFO - Data for method mni and tracer PS13 already exists at /home/galassiae/petdeface_jupypter_book_results/PS13_mni_defaced. Moving onto next method/tracer.
2025-05-01 17:49:28,734 - INFO - Generated workflow graph: /home/tmp/tmpsdoku9ov/MC1_mni/petdeface_wf/petdeface.png (graph2use=colored, simple_form=True).
2025-05-01 17:49:28,743 - INFO - Workflow petdeface_wf settings: ['check', 'execution', 'logging', 'monitoring']
2025-05-01 17:49:28,752 - INFO - Running in parallel.
2025-05-01 17:49:28,754 - INFO - [MultiProc] Running 0 tasks, and 9 jobs ready. Free memory (GB): 338.43/338.43, Free processors: 4/4, Free GPU slot:0/0.
2025-05-01 17:49:28,907 - INFO - [Node] Setting-up "petdeface_wf.single_subject_04_wf.t1w_sub-04_wf.deface_t1w_sub-04" in "/home/tmp/tmpsdoku9ov/MC1_mni/petdeface_wf/single_subject_04_wf/t1w_sub-04_wf/deface_t1w_sub-04".
2025-05-01 17:49:28,907 - INFO - [Node] Setting-up "petdeface_wf.single_subject_04_wf.pet_sub-04_ses-01_wf.weighted_average" in "/home/tmp/tmpsdoku9ov/MC1_mni/petdeface_wf/single_subject_04_wf/pet_sub-04_ses-01_wf/weighted_average".
2025-05-01 17:49:28,908 - INFO - [Node] Setting-up "petdeface_wf.single_subject_04_wf.pet_sub-04_ses-02_wf.weighted_average" in "/home/tmp/tmpsdoku9ov/MC1_mni/petdeface_wf/single_subject_04_wf/pet_sub-04_ses-02_wf/weighted_average".
2025-05-01 17:49:28,908 - INFO - [Node] Setting-up "petdeface_wf.single_subject_05_wf.t1w_sub-05_wf.deface_t1w_sub-05" in "/home/tmp/tmpsdoku9ov/MC1_mni/petdeface_wf/single_subject_05_wf/t1w_sub-05_wf/deface_t1w_sub-05".
2025-05-01 17:49:28,913 - INFO - [Node] Executing "deface_t1w_sub-04" <petdeface.mideface.Mideface>
2025-05-01 17:49:28,913 - INFO - [Node] Executing "weighted_average" <petdeface.pet.WeightedAverage>
2025-05-01 17:49:28,913 - INFO - [Node] Executing "deface_t1w_sub-05" <petdeface.mideface.Mideface>
2025-05-01 17:49:28,913 - INFO - [Node] Executing "weighted_average" <petdeface.pet.WeightedAverage>
2025-05-01 17:49:30,755 - INFO - [MultiProc] Running 4 tasks, and 5 jobs ready. Free memory (GB): 337.63/338.43, Free processors: 0/4, Free GPU slot:0/0.
                     Currently running:
                       * petdeface_wf.single_subject_05_wf.t1w_sub-05_wf.deface_t1w_sub-05
                       * petdeface_wf.single_subject_04_wf.pet_sub-04_ses-02_wf.weighted_average
                       * petdeface_wf.single_subject_04_wf.pet_sub-04_ses-01_wf.weighted_average
                       * petdeface_wf.single_subject_04_wf.t1w_sub-04_wf.deface_t1w_sub-04
2025-05-01 17:49:33,726 - INFO - [Node] Finished "weighted_average", elapsed time 4.811231s.
2025-05-01 17:49:33,850 - INFO - [Node] Finished "weighted_average", elapsed time 4.934635s.
2025-05-01 17:49:34,754 - INFO - [Job 1] Completed (petdeface_wf.single_subject_04_wf.pet_sub-04_ses-01_wf.weighted_average).
2025-05-01 17:49:34,757 - INFO - [Job 2] Completed (petdeface_wf.single_subject_04_wf.pet_sub-04_ses-02_wf.weighted_average).
2025-05-01 17:49:34,758 - INFO - [MultiProc] Running 2 tasks, and 7 jobs ready. Free memory (GB): 338.03/338.43, Free processors: 2/4, Free GPU slot:0/0.
                     Currently running:
                       * petdeface_wf.single_subject_05_wf.t1w_sub-05_wf.deface_t1w_sub-05
                       * petdeface_wf.single_subject_04_wf.t1w_sub-04_wf.deface_t1w_sub-04
2025-05-01 17:49:34,932 - INFO - [Node] Setting-up "petdeface_wf.single_subject_05_wf.pet_sub-05_ses-01_wf.weighted_average" in "/home/tmp/tmpsdoku9ov/MC1_mni/petdeface_wf/single_subject_05_wf/pet_sub-05_ses-01_wf/weighted_average".
2025-05-01 17:49:34,932 - INFO - [Node] Setting-up "petdeface_wf.single_subject_05_wf.pet_sub-05_ses-02_wf.weighted_average" in "/home/tmp/tmpsdoku9ov/MC1_mni/petdeface_wf/single_subject_05_wf/pet_sub-05_ses-02_wf/weighted_average".
2025-05-01 17:49:34,935 - INFO - [Node] Executing "weighted_average" <petdeface.pet.WeightedAverage>
2025-05-01 17:49:34,935 - INFO - [Node] Executing "weighted_average" <petdeface.pet.WeightedAverage>
2025-05-01 17:49:36,755 - INFO - [MultiProc] Running 4 tasks, and 5 jobs ready. Free memory (GB): 337.63/338.43, Free processors: 0/4, Free GPU slot:0/0.
                     Currently running:
                       * petdeface_wf.single_subject_05_wf.pet_sub-05_ses-02_wf.weighted_average
                       * petdeface_wf.single_subject_05_wf.pet_sub-05_ses-01_wf.weighted_average
                       * petdeface_wf.single_subject_05_wf.t1w_sub-05_wf.deface_t1w_sub-05
                       * petdeface_wf.single_subject_04_wf.t1w_sub-04_wf.deface_t1w_sub-04
2025-05-01 17:49:39,630 - INFO - [Node] Finished "weighted_average", elapsed time 4.693029s.
2025-05-01 17:49:39,653 - INFO - [Node] Finished "weighted_average", elapsed time 4.716499s.
2025-05-01 17:49:40,755 - INFO - [Job 4] Completed (petdeface_wf.single_subject_05_wf.pet_sub-05_ses-01_wf.weighted_average).
2025-05-01 17:49:40,756 - INFO - [Job 5] Completed (petdeface_wf.single_subject_05_wf.pet_sub-05_ses-02_wf.weighted_average).
2025-05-01 17:49:40,757 - INFO - [MultiProc] Running 2 tasks, and 7 jobs ready. Free memory (GB): 338.03/338.43, Free processors: 2/4, Free GPU slot:0/0.
                     Currently running:
                       * petdeface_wf.single_subject_05_wf.t1w_sub-05_wf.deface_t1w_sub-05
                       * petdeface_wf.single_subject_04_wf.t1w_sub-04_wf.deface_t1w_sub-04
2025-05-01 17:49:40,887 - INFO - [Node] Setting-up "petdeface_wf.single_subject_06_wf.pet_sub-06_ses-01_wf.weighted_average" in "/home/tmp/tmpsdoku9ov/MC1_mni/petdeface_wf/single_subject_06_wf/pet_sub-06_ses-01_wf/weighted_average".
2025-05-01 17:49:40,888 - INFO - [Node] Setting-up "petdeface_wf.single_subject_06_wf.t1w_sub-06_wf.deface_t1w_sub-06" in "/home/tmp/tmpsdoku9ov/MC1_mni/petdeface_wf/single_subject_06_wf/t1w_sub-06_wf/deface_t1w_sub-06".
2025-05-01 17:49:40,890 - INFO - [Node] Executing "weighted_average" <petdeface.pet.WeightedAverage>
2025-05-01 17:49:40,890 - INFO - [Node] Executing "deface_t1w_sub-06" <petdeface.mideface.Mideface>
2025-05-01 17:49:42,755 - INFO - [MultiProc] Running 4 tasks, and 5 jobs ready. Free memory (GB): 337.63/338.43, Free processors: 0/4, Free GPU slot:0/0.
                     Currently running:
                       * petdeface_wf.single_subject_06_wf.pet_sub-06_ses-01_wf.weighted_average
                       * petdeface_wf.single_subject_06_wf.t1w_sub-06_wf.deface_t1w_sub-06
                       * petdeface_wf.single_subject_05_wf.t1w_sub-05_wf.deface_t1w_sub-05
                       * petdeface_wf.single_subject_04_wf.t1w_sub-04_wf.deface_t1w_sub-04
2025-05-01 17:49:45,270 - INFO - [Node] Finished "weighted_average", elapsed time 4.37794s.
2025-05-01 17:49:46,755 - INFO - [Job 7] Completed (petdeface_wf.single_subject_06_wf.pet_sub-06_ses-01_wf.weighted_average).
2025-05-01 17:49:46,757 - INFO - [MultiProc] Running 3 tasks, and 6 jobs ready. Free memory (GB): 337.83/338.43, Free processors: 1/4, Free GPU slot:0/0.
                     Currently running:
                       * petdeface_wf.single_subject_06_wf.t1w_sub-06_wf.deface_t1w_sub-06
                       * petdeface_wf.single_subject_05_wf.t1w_sub-05_wf.deface_t1w_sub-05
                       * petdeface_wf.single_subject_04_wf.t1w_sub-04_wf.deface_t1w_sub-04
2025-05-01 17:49:46,889 - INFO - [Node] Setting-up "petdeface_wf.single_subject_06_wf.pet_sub-06_ses-02_wf.weighted_average" in "/home/tmp/tmpsdoku9ov/MC1_mni/petdeface_wf/single_subject_06_wf/pet_sub-06_ses-02_wf/weighted_average".
2025-05-01 17:49:46,891 - INFO - [Node] Executing "weighted_average" <petdeface.pet.WeightedAverage>
2025-05-01 17:49:48,756 - INFO - [MultiProc] Running 4 tasks, and 5 jobs ready. Free memory (GB): 337.63/338.43, Free processors: 0/4, Free GPU slot:0/0.
                     Currently running:
                       * petdeface_wf.single_subject_06_wf.pet_sub-06_ses-02_wf.weighted_average
                       * petdeface_wf.single_subject_06_wf.t1w_sub-06_wf.deface_t1w_sub-06
                       * petdeface_wf.single_subject_05_wf.t1w_sub-05_wf.deface_t1w_sub-05
                       * petdeface_wf.single_subject_04_wf.t1w_sub-04_wf.deface_t1w_sub-04
2025-05-01 17:49:51,180 - INFO - [Node] Finished "weighted_average", elapsed time 4.288153s.
2025-05-01 17:49:52,756 - INFO - [Job 8] Completed (petdeface_wf.single_subject_06_wf.pet_sub-06_ses-02_wf.weighted_average).
2025-05-01 17:49:52,757 - INFO - [MultiProc] Running 3 tasks, and 6 jobs ready. Free memory (GB): 337.83/338.43, Free processors: 1/4, Free GPU slot:0/0.
                     Currently running:
                       * petdeface_wf.single_subject_06_wf.t1w_sub-06_wf.deface_t1w_sub-06
                       * petdeface_wf.single_subject_05_wf.t1w_sub-05_wf.deface_t1w_sub-05
                       * petdeface_wf.single_subject_04_wf.t1w_sub-04_wf.deface_t1w_sub-04
2025-05-01 17:49:52,887 - INFO - [Node] Setting-up "petdeface_wf.single_subject_04_wf.pet_sub-04_ses-01_wf.coreg_pet_to_t1w" in "/home/tmp/tmpsdoku9ov/MC1_mni/petdeface_wf/single_subject_04_wf/pet_sub-04_ses-01_wf/coreg_pet_to_t1w".
2025-05-01 17:49:52,891 - INFO - [Node] Executing "coreg_pet_to_t1w" <nipype.interfaces.freesurfer.registration.MRICoreg>
2025-05-01 17:49:54,756 - INFO - [MultiProc] Running 4 tasks, and 5 jobs ready. Free memory (GB): 337.63/338.43, Free processors: 0/4, Free GPU slot:0/0.
                     Currently running:
                       * petdeface_wf.single_subject_04_wf.pet_sub-04_ses-01_wf.coreg_pet_to_t1w
                       * petdeface_wf.single_subject_06_wf.t1w_sub-06_wf.deface_t1w_sub-06
                       * petdeface_wf.single_subject_05_wf.t1w_sub-05_wf.deface_t1w_sub-05
                       * petdeface_wf.single_subject_04_wf.t1w_sub-04_wf.deface_t1w_sub-04
2025-05-01 17:53:50,210 - INFO - [Node] Finished "coreg_pet_to_t1w", elapsed time 435.448564s.
2025-05-01 17:53:50,212 - WARNING - Storing result file without outputs
2025-05-01 17:53:50,213 - WARNING - [Node] Error on "petdeface_wf.single_subject_04_wf.pet_sub-04_ses-02_wf.coreg_pet_to_t1w" (/home/tmp/tmpm_r9wmtn/MC1_mni/petdeface_wf/single_subject_04_wf/pet_sub-04_ses-02_wf/coreg_pet_to_t1w)
2025-05-01 17:53:50,214 - WARNING - Interface finished unexpectedly and the corresponding unfinished hashfile /home/tmp/tmpm_r9wmtn/MC1_mni/petdeface_wf/single_subject_04_wf/pet_sub-04_ses-02_wf/coreg_pet_to_t1w/_0x538d724a9ab86624140ceafcc1d0170f_unfinished.json does not exist. Another nipype instance may be running against the same work directory. Please ensure no other concurrent workflows are racing
2025-05-01 17:53:50,236 - ERROR - exception calling callback for <Future at 0x7fa7def92f10 state=finished raised FileNotFoundError>
concurrent.futures.process._RemoteTraceback: 
"""
Traceback (most recent call last):
  File "/home/galassiae/.cache/pypoetry/virtualenvs/petdeface-LqsB4PTs-py3.11/lib/python3.11/site-packages/nipype/pipeline/plugins/multiproc.py", line 67, in run_node
    result["result"] = node.run(updatehash=updatehash)
                       ^^^^^^^^^^^^^^^^^^^^^^^^^^^^^^^
  File "/home/galassiae/.cache/pypoetry/virtualenvs/petdeface-LqsB4PTs-py3.11/lib/python3.11/site-packages/nipype/pipeline/engine/nodes.py", line 525, in run
    result = self._run_interface(execute=True)
             ^^^^^^^^^^^^^^^^^^^^^^^^^^^^^^^^^
  File "/home/galassiae/.cache/pypoetry/virtualenvs/petdeface-LqsB4PTs-py3.11/lib/python3.11/site-packages/nipype/pipeline/engine/nodes.py", line 643, in _run_interface
    return self._run_command(execute)
           ^^^^^^^^^^^^^^^^^^^^^^^^^^
  File "/home/galassiae/.cache/pypoetry/virtualenvs/petdeface-LqsB4PTs-py3.11/lib/python3.11/site-packages/nipype/pipeline/engine/nodes.py", line 743, in _run_command
    _save_resultfile(
  File "/home/galassiae/.cache/pypoetry/virtualenvs/petdeface-LqsB4PTs-py3.11/lib/python3.11/site-packages/nipype/pipeline/engine/utils.py", line 234, in save_resultfile
    savepkl(resultsfile, result)
  File "/home/galassiae/.cache/pypoetry/virtualenvs/petdeface-LqsB4PTs-py3.11/lib/python3.11/site-packages/nipype/utils/filemanip.py", line 696, in savepkl
    with pkl_open(tmpfile, "wb") as pkl_file:
         ^^^^^^^^^^^^^^^^^^^^^^^
  File "/usr/lib64/python3.11/gzip.py", line 58, in open
    binary_file = GzipFile(filename, gz_mode, compresslevel)
                  ^^^^^^^^^^^^^^^^^^^^^^^^^^^^^^^^^^^^^^^^^^
  File "/usr/lib64/python3.11/gzip.py", line 174, in __init__
    fileobj = self.myfileobj = builtins.open(filename, mode or 'rb')
                               ^^^^^^^^^^^^^^^^^^^^^^^^^^^^^^^^^^^^^
FileNotFoundError: [Errno 2] No such file or directory: '/home/tmp/tmpm_r9wmtn/MC1_mni/petdeface_wf/single_subject_04_wf/pet_sub-04_ses-02_wf/coreg_pet_to_t1w/result_coreg_pet_to_t1w.pklz.tmp'

During handling of the above exception, another exception occurred:

Traceback (most recent call last):
  File "/usr/lib64/python3.11/concurrent/futures/process.py", line 256, in _process_worker
    r = call_item.fn(*call_item.args, **call_item.kwargs)
        ^^^^^^^^^^^^^^^^^^^^^^^^^^^^^^^^^^^^^^^^^^^^^^^^^
  File "/home/galassiae/.cache/pypoetry/virtualenvs/petdeface-LqsB4PTs-py3.11/lib/python3.11/site-packages/nipype/pipeline/plugins/multiproc.py", line 70, in run_node
    result["result"] = node.result
                       ^^^^^^^^^^^
  File "/home/galassiae/.cache/pypoetry/virtualenvs/petdeface-LqsB4PTs-py3.11/lib/python3.11/site-packages/nipype/pipeline/engine/nodes.py", line 221, in result
    return _load_resultfile(
           ^^^^^^^^^^^^^^^^^
  File "/home/galassiae/.cache/pypoetry/virtualenvs/petdeface-LqsB4PTs-py3.11/lib/python3.11/site-packages/nipype/pipeline/engine/utils.py", line 290, in load_resultfile
    raise FileNotFoundError(results_file)
FileNotFoundError: /home/tmp/tmpm_r9wmtn/MC1_mni/petdeface_wf/single_subject_04_wf/pet_sub-04_ses-02_wf/coreg_pet_to_t1w/result_coreg_pet_to_t1w.pklz
"""

The above exception was the direct cause of the following exception:

Traceback (most recent call last):
  File "/usr/lib64/python3.11/concurrent/futures/_base.py", line 340, in _invoke_callbacks
    callback(self)
  File "/home/galassiae/.cache/pypoetry/virtualenvs/petdeface-LqsB4PTs-py3.11/lib/python3.11/site-packages/nipype/pipeline/plugins/multiproc.py", line 174, in _async_callback
    result = args.result()
             ^^^^^^^^^^^^^
  File "/usr/lib64/python3.11/concurrent/futures/_base.py", line 449, in result
    return self.__get_result()
           ^^^^^^^^^^^^^^^^^^^
  File "/usr/lib64/python3.11/concurrent/futures/_base.py", line 401, in __get_result
    raise self._exception
FileNotFoundError: /home/tmp/tmpm_r9wmtn/MC1_mni/petdeface_wf/single_subject_04_wf/pet_sub-04_ses-02_wf/coreg_pet_to_t1w/result_coreg_pet_to_t1w.pklz
2025-05-01 17:54:12,825 - INFO - [Node] Finished "coreg_pet_to_t1w", elapsed time 458.063304s.
2025-05-01 17:54:12,826 - WARNING - Storing result file without outputs
2025-05-01 17:54:12,827 - WARNING - [Node] Error on "petdeface_wf.single_subject_05_wf.pet_sub-05_ses-01_wf.coreg_pet_to_t1w" (/home/tmp/tmpm_r9wmtn/MC1_mni/petdeface_wf/single_subject_05_wf/pet_sub-05_ses-01_wf/coreg_pet_to_t1w)
2025-05-01 17:54:12,828 - WARNING - Interface finished unexpectedly and the corresponding unfinished hashfile /home/tmp/tmpm_r9wmtn/MC1_mni/petdeface_wf/single_subject_05_wf/pet_sub-05_ses-01_wf/coreg_pet_to_t1w/_0xbc9bfa3878dcbfed4ef18fdf314b7042_unfinished.json does not exist. Another nipype instance may be running against the same work directory. Please ensure no other concurrent workflows are racing
2025-05-01 17:54:12,832 - ERROR - exception calling callback for <Future at 0x7fa7dd8ad410 state=finished raised FileNotFoundError>
concurrent.futures.process._RemoteTraceback: 
"""
Traceback (most recent call last):
  File "/home/galassiae/.cache/pypoetry/virtualenvs/petdeface-LqsB4PTs-py3.11/lib/python3.11/site-packages/nipype/pipeline/plugins/multiproc.py", line 67, in run_node
    result["result"] = node.run(updatehash=updatehash)
                       ^^^^^^^^^^^^^^^^^^^^^^^^^^^^^^^
  File "/home/galassiae/.cache/pypoetry/virtualenvs/petdeface-LqsB4PTs-py3.11/lib/python3.11/site-packages/nipype/pipeline/engine/nodes.py", line 525, in run
    result = self._run_interface(execute=True)
             ^^^^^^^^^^^^^^^^^^^^^^^^^^^^^^^^^
  File "/home/galassiae/.cache/pypoetry/virtualenvs/petdeface-LqsB4PTs-py3.11/lib/python3.11/site-packages/nipype/pipeline/engine/nodes.py", line 643, in _run_interface
    return self._run_command(execute)
           ^^^^^^^^^^^^^^^^^^^^^^^^^^
  File "/home/galassiae/.cache/pypoetry/virtualenvs/petdeface-LqsB4PTs-py3.11/lib/python3.11/site-packages/nipype/pipeline/engine/nodes.py", line 743, in _run_command
    _save_resultfile(
  File "/home/galassiae/.cache/pypoetry/virtualenvs/petdeface-LqsB4PTs-py3.11/lib/python3.11/site-packages/nipype/pipeline/engine/utils.py", line 234, in save_resultfile
    savepkl(resultsfile, result)
  File "/home/galassiae/.cache/pypoetry/virtualenvs/petdeface-LqsB4PTs-py3.11/lib/python3.11/site-packages/nipype/utils/filemanip.py", line 696, in savepkl
    with pkl_open(tmpfile, "wb") as pkl_file:
         ^^^^^^^^^^^^^^^^^^^^^^^
  File "/usr/lib64/python3.11/gzip.py", line 58, in open
    binary_file = GzipFile(filename, gz_mode, compresslevel)
                  ^^^^^^^^^^^^^^^^^^^^^^^^^^^^^^^^^^^^^^^^^^
  File "/usr/lib64/python3.11/gzip.py", line 174, in __init__
    fileobj = self.myfileobj = builtins.open(filename, mode or 'rb')
                               ^^^^^^^^^^^^^^^^^^^^^^^^^^^^^^^^^^^^^
FileNotFoundError: [Errno 2] No such file or directory: '/home/tmp/tmpm_r9wmtn/MC1_mni/petdeface_wf/single_subject_05_wf/pet_sub-05_ses-01_wf/coreg_pet_to_t1w/result_coreg_pet_to_t1w.pklz.tmp'

During handling of the above exception, another exception occurred:

Traceback (most recent call last):
  File "/usr/lib64/python3.11/concurrent/futures/process.py", line 256, in _process_worker
    r = call_item.fn(*call_item.args, **call_item.kwargs)
        ^^^^^^^^^^^^^^^^^^^^^^^^^^^^^^^^^^^^^^^^^^^^^^^^^
  File "/home/galassiae/.cache/pypoetry/virtualenvs/petdeface-LqsB4PTs-py3.11/lib/python3.11/site-packages/nipype/pipeline/plugins/multiproc.py", line 70, in run_node
    result["result"] = node.result
                       ^^^^^^^^^^^
  File "/home/galassiae/.cache/pypoetry/virtualenvs/petdeface-LqsB4PTs-py3.11/lib/python3.11/site-packages/nipype/pipeline/engine/nodes.py", line 221, in result
    return _load_resultfile(
           ^^^^^^^^^^^^^^^^^
  File "/home/galassiae/.cache/pypoetry/virtualenvs/petdeface-LqsB4PTs-py3.11/lib/python3.11/site-packages/nipype/pipeline/engine/utils.py", line 290, in load_resultfile
    raise FileNotFoundError(results_file)
FileNotFoundError: /home/tmp/tmpm_r9wmtn/MC1_mni/petdeface_wf/single_subject_05_wf/pet_sub-05_ses-01_wf/coreg_pet_to_t1w/result_coreg_pet_to_t1w.pklz
"""

The above exception was the direct cause of the following exception:

Traceback (most recent call last):
  File "/usr/lib64/python3.11/concurrent/futures/_base.py", line 340, in _invoke_callbacks
    callback(self)
  File "/home/galassiae/.cache/pypoetry/virtualenvs/petdeface-LqsB4PTs-py3.11/lib/python3.11/site-packages/nipype/pipeline/plugins/multiproc.py", line 174, in _async_callback
    result = args.result()
             ^^^^^^^^^^^^^
  File "/usr/lib64/python3.11/concurrent/futures/_base.py", line 449, in result
    return self.__get_result()
           ^^^^^^^^^^^^^^^^^^^
  File "/usr/lib64/python3.11/concurrent/futures/_base.py", line 401, in __get_result
    raise self._exception
FileNotFoundError: /home/tmp/tmpm_r9wmtn/MC1_mni/petdeface_wf/single_subject_05_wf/pet_sub-05_ses-01_wf/coreg_pet_to_t1w/result_coreg_pet_to_t1w.pklz
2025-05-01 17:54:13,055 - INFO - [Node] Finished "coreg_pet_to_t1w", elapsed time 452.394709s.
2025-05-01 17:54:13,056 - WARNING - Storing result file without outputs
2025-05-01 17:54:13,057 - WARNING - [Node] Error on "petdeface_wf.single_subject_05_wf.pet_sub-05_ses-02_wf.coreg_pet_to_t1w" (/home/tmp/tmpm_r9wmtn/MC1_mni/petdeface_wf/single_subject_05_wf/pet_sub-05_ses-02_wf/coreg_pet_to_t1w)
2025-05-01 17:54:13,058 - WARNING - Interface finished unexpectedly and the corresponding unfinished hashfile /home/tmp/tmpm_r9wmtn/MC1_mni/petdeface_wf/single_subject_05_wf/pet_sub-05_ses-02_wf/coreg_pet_to_t1w/_0x6d54ee208786b2c732ae1cb022716e42_unfinished.json does not exist. Another nipype instance may be running against the same work directory. Please ensure no other concurrent workflows are racing
2025-05-01 17:54:13,062 - ERROR - exception calling callback for <Future at 0x7fa7df3a2e90 state=finished raised FileNotFoundError>
concurrent.futures.process._RemoteTraceback: 
"""
Traceback (most recent call last):
  File "/home/galassiae/.cache/pypoetry/virtualenvs/petdeface-LqsB4PTs-py3.11/lib/python3.11/site-packages/nipype/pipeline/plugins/multiproc.py", line 67, in run_node
    result["result"] = node.run(updatehash=updatehash)
                       ^^^^^^^^^^^^^^^^^^^^^^^^^^^^^^^
  File "/home/galassiae/.cache/pypoetry/virtualenvs/petdeface-LqsB4PTs-py3.11/lib/python3.11/site-packages/nipype/pipeline/engine/nodes.py", line 525, in run
    result = self._run_interface(execute=True)
             ^^^^^^^^^^^^^^^^^^^^^^^^^^^^^^^^^
  File "/home/galassiae/.cache/pypoetry/virtualenvs/petdeface-LqsB4PTs-py3.11/lib/python3.11/site-packages/nipype/pipeline/engine/nodes.py", line 643, in _run_interface
    return self._run_command(execute)
           ^^^^^^^^^^^^^^^^^^^^^^^^^^
  File "/home/galassiae/.cache/pypoetry/virtualenvs/petdeface-LqsB4PTs-py3.11/lib/python3.11/site-packages/nipype/pipeline/engine/nodes.py", line 743, in _run_command
    _save_resultfile(
  File "/home/galassiae/.cache/pypoetry/virtualenvs/petdeface-LqsB4PTs-py3.11/lib/python3.11/site-packages/nipype/pipeline/engine/utils.py", line 234, in save_resultfile
    savepkl(resultsfile, result)
  File "/home/galassiae/.cache/pypoetry/virtualenvs/petdeface-LqsB4PTs-py3.11/lib/python3.11/site-packages/nipype/utils/filemanip.py", line 696, in savepkl
    with pkl_open(tmpfile, "wb") as pkl_file:
         ^^^^^^^^^^^^^^^^^^^^^^^
  File "/usr/lib64/python3.11/gzip.py", line 58, in open
    binary_file = GzipFile(filename, gz_mode, compresslevel)
                  ^^^^^^^^^^^^^^^^^^^^^^^^^^^^^^^^^^^^^^^^^^
  File "/usr/lib64/python3.11/gzip.py", line 174, in __init__
    fileobj = self.myfileobj = builtins.open(filename, mode or 'rb')
                               ^^^^^^^^^^^^^^^^^^^^^^^^^^^^^^^^^^^^^
FileNotFoundError: [Errno 2] No such file or directory: '/home/tmp/tmpm_r9wmtn/MC1_mni/petdeface_wf/single_subject_05_wf/pet_sub-05_ses-02_wf/coreg_pet_to_t1w/result_coreg_pet_to_t1w.pklz.tmp'

During handling of the above exception, another exception occurred:

Traceback (most recent call last):
  File "/usr/lib64/python3.11/concurrent/futures/process.py", line 256, in _process_worker
    r = call_item.fn(*call_item.args, **call_item.kwargs)
        ^^^^^^^^^^^^^^^^^^^^^^^^^^^^^^^^^^^^^^^^^^^^^^^^^
  File "/home/galassiae/.cache/pypoetry/virtualenvs/petdeface-LqsB4PTs-py3.11/lib/python3.11/site-packages/nipype/pipeline/plugins/multiproc.py", line 70, in run_node
    result["result"] = node.result
                       ^^^^^^^^^^^
  File "/home/galassiae/.cache/pypoetry/virtualenvs/petdeface-LqsB4PTs-py3.11/lib/python3.11/site-packages/nipype/pipeline/engine/nodes.py", line 221, in result
    return _load_resultfile(
           ^^^^^^^^^^^^^^^^^
  File "/home/galassiae/.cache/pypoetry/virtualenvs/petdeface-LqsB4PTs-py3.11/lib/python3.11/site-packages/nipype/pipeline/engine/utils.py", line 290, in load_resultfile
    raise FileNotFoundError(results_file)
FileNotFoundError: /home/tmp/tmpm_r9wmtn/MC1_mni/petdeface_wf/single_subject_05_wf/pet_sub-05_ses-02_wf/coreg_pet_to_t1w/result_coreg_pet_to_t1w.pklz
"""

The above exception was the direct cause of the following exception:

Traceback (most recent call last):
  File "/usr/lib64/python3.11/concurrent/futures/_base.py", line 340, in _invoke_callbacks
    callback(self)
  File "/home/galassiae/.cache/pypoetry/virtualenvs/petdeface-LqsB4PTs-py3.11/lib/python3.11/site-packages/nipype/pipeline/plugins/multiproc.py", line 174, in _async_callback
    result = args.result()
             ^^^^^^^^^^^^^
  File "/usr/lib64/python3.11/concurrent/futures/_base.py", line 449, in result
    return self.__get_result()
           ^^^^^^^^^^^^^^^^^^^
  File "/usr/lib64/python3.11/concurrent/futures/_base.py", line 401, in __get_result
    raise self._exception
FileNotFoundError: /home/tmp/tmpm_r9wmtn/MC1_mni/petdeface_wf/single_subject_05_wf/pet_sub-05_ses-02_wf/coreg_pet_to_t1w/result_coreg_pet_to_t1w.pklz
2025-05-01 17:54:56,712 - INFO - [Node] Finished "deface_t1w_sub-05", elapsed time 327.796415s.
2025-05-01 17:54:56,783 - INFO - [Job 3] Completed (petdeface_wf.single_subject_05_wf.t1w_sub-05_wf.deface_t1w_sub-05).
2025-05-01 17:54:56,784 - INFO - [MultiProc] Running 3 tasks, and 5 jobs ready. Free memory (GB): 337.83/338.43, Free processors: 1/4, Free GPU slot:0/0.
                     Currently running:
                       * petdeface_wf.single_subject_04_wf.pet_sub-04_ses-01_wf.coreg_pet_to_t1w
                       * petdeface_wf.single_subject_06_wf.t1w_sub-06_wf.deface_t1w_sub-06
                       * petdeface_wf.single_subject_04_wf.t1w_sub-04_wf.deface_t1w_sub-04
2025-05-01 17:54:56,915 - INFO - [Node] Setting-up "petdeface_wf.single_subject_04_wf.pet_sub-04_ses-02_wf.coreg_pet_to_t1w" in "/home/tmp/tmpsdoku9ov/MC1_mni/petdeface_wf/single_subject_04_wf/pet_sub-04_ses-02_wf/coreg_pet_to_t1w".
2025-05-01 17:54:56,919 - INFO - [Node] Executing "coreg_pet_to_t1w" <nipype.interfaces.freesurfer.registration.MRICoreg>
2025-05-01 17:54:58,783 - INFO - [MultiProc] Running 4 tasks, and 4 jobs ready. Free memory (GB): 337.63/338.43, Free processors: 0/4, Free GPU slot:0/0.
                     Currently running:
                       * petdeface_wf.single_subject_04_wf.pet_sub-04_ses-02_wf.coreg_pet_to_t1w
                       * petdeface_wf.single_subject_04_wf.pet_sub-04_ses-01_wf.coreg_pet_to_t1w
                       * petdeface_wf.single_subject_06_wf.t1w_sub-06_wf.deface_t1w_sub-06
                       * petdeface_wf.single_subject_04_wf.t1w_sub-04_wf.deface_t1w_sub-04
2025-05-01 17:55:00,102 - INFO - [Node] Finished "deface_t1w_sub-04", elapsed time 331.186723s.
2025-05-01 17:55:00,783 - INFO - [Job 0] Completed (petdeface_wf.single_subject_04_wf.t1w_sub-04_wf.deface_t1w_sub-04).
2025-05-01 17:55:00,785 - INFO - [MultiProc] Running 3 tasks, and 4 jobs ready. Free memory (GB): 337.83/338.43, Free processors: 1/4, Free GPU slot:0/0.
                     Currently running:
                       * petdeface_wf.single_subject_04_wf.pet_sub-04_ses-02_wf.coreg_pet_to_t1w
                       * petdeface_wf.single_subject_04_wf.pet_sub-04_ses-01_wf.coreg_pet_to_t1w
                       * petdeface_wf.single_subject_06_wf.t1w_sub-06_wf.deface_t1w_sub-06
2025-05-01 17:55:00,927 - INFO - [Node] Setting-up "petdeface_wf.single_subject_05_wf.pet_sub-05_ses-01_wf.coreg_pet_to_t1w" in "/home/tmp/tmpsdoku9ov/MC1_mni/petdeface_wf/single_subject_05_wf/pet_sub-05_ses-01_wf/coreg_pet_to_t1w".
2025-05-01 17:55:00,931 - INFO - [Node] Executing "coreg_pet_to_t1w" <nipype.interfaces.freesurfer.registration.MRICoreg>
2025-05-01 17:55:02,784 - INFO - [MultiProc] Running 4 tasks, and 3 jobs ready. Free memory (GB): 337.63/338.43, Free processors: 0/4, Free GPU slot:0/0.
                     Currently running:
                       * petdeface_wf.single_subject_05_wf.pet_sub-05_ses-01_wf.coreg_pet_to_t1w
                       * petdeface_wf.single_subject_04_wf.pet_sub-04_ses-02_wf.coreg_pet_to_t1w
                       * petdeface_wf.single_subject_04_wf.pet_sub-04_ses-01_wf.coreg_pet_to_t1w
                       * petdeface_wf.single_subject_06_wf.t1w_sub-06_wf.deface_t1w_sub-06
2025-05-01 17:55:12,451 - INFO - [Node] Finished "deface_t1w_sub-06", elapsed time 331.559232s.
2025-05-01 17:55:12,784 - INFO - [Job 6] Completed (petdeface_wf.single_subject_06_wf.t1w_sub-06_wf.deface_t1w_sub-06).
2025-05-01 17:55:12,786 - INFO - [MultiProc] Running 3 tasks, and 3 jobs ready. Free memory (GB): 337.83/338.43, Free processors: 1/4, Free GPU slot:0/0.
                     Currently running:
                       * petdeface_wf.single_subject_05_wf.pet_sub-05_ses-01_wf.coreg_pet_to_t1w
                       * petdeface_wf.single_subject_04_wf.pet_sub-04_ses-02_wf.coreg_pet_to_t1w
                       * petdeface_wf.single_subject_04_wf.pet_sub-04_ses-01_wf.coreg_pet_to_t1w
2025-05-01 17:55:12,905 - INFO - [Node] Setting-up "petdeface_wf.single_subject_05_wf.pet_sub-05_ses-02_wf.coreg_pet_to_t1w" in "/home/tmp/tmpsdoku9ov/MC1_mni/petdeface_wf/single_subject_05_wf/pet_sub-05_ses-02_wf/coreg_pet_to_t1w".
2025-05-01 17:55:12,909 - INFO - [Node] Executing "coreg_pet_to_t1w" <nipype.interfaces.freesurfer.registration.MRICoreg>
2025-05-01 17:55:14,785 - INFO - [MultiProc] Running 4 tasks, and 2 jobs ready. Free memory (GB): 337.63/338.43, Free processors: 0/4, Free GPU slot:0/0.
                     Currently running:
                       * petdeface_wf.single_subject_05_wf.pet_sub-05_ses-02_wf.coreg_pet_to_t1w
                       * petdeface_wf.single_subject_05_wf.pet_sub-05_ses-01_wf.coreg_pet_to_t1w
                       * petdeface_wf.single_subject_04_wf.pet_sub-04_ses-02_wf.coreg_pet_to_t1w
                       * petdeface_wf.single_subject_04_wf.pet_sub-04_ses-01_wf.coreg_pet_to_t1w
2025-05-01 17:56:51,567 - INFO - [Node] Finished "coreg_pet_to_t1w", elapsed time 418.67506s.
2025-05-01 17:56:52,793 - INFO - [Job 9] Completed (petdeface_wf.single_subject_04_wf.pet_sub-04_ses-01_wf.coreg_pet_to_t1w).
2025-05-01 17:56:52,795 - INFO - [MultiProc] Running 3 tasks, and 3 jobs ready. Free memory (GB): 337.83/338.43, Free processors: 1/4, Free GPU slot:0/0.
                     Currently running:
                       * petdeface_wf.single_subject_05_wf.pet_sub-05_ses-02_wf.coreg_pet_to_t1w
                       * petdeface_wf.single_subject_05_wf.pet_sub-05_ses-01_wf.coreg_pet_to_t1w
                       * petdeface_wf.single_subject_04_wf.pet_sub-04_ses-02_wf.coreg_pet_to_t1w
2025-05-01 17:56:52,919 - INFO - [Node] Setting-up "petdeface_wf.single_subject_06_wf.pet_sub-06_ses-01_wf.coreg_pet_to_t1w" in "/home/tmp/tmpsdoku9ov/MC1_mni/petdeface_wf/single_subject_06_wf/pet_sub-06_ses-01_wf/coreg_pet_to_t1w".
2025-05-01 17:56:52,923 - INFO - [Node] Executing "coreg_pet_to_t1w" <nipype.interfaces.freesurfer.registration.MRICoreg>
2025-05-01 17:56:54,794 - INFO - [MultiProc] Running 4 tasks, and 2 jobs ready. Free memory (GB): 337.63/338.43, Free processors: 0/4, Free GPU slot:0/0.
                     Currently running:
                       * petdeface_wf.single_subject_06_wf.pet_sub-06_ses-01_wf.coreg_pet_to_t1w
                       * petdeface_wf.single_subject_05_wf.pet_sub-05_ses-02_wf.coreg_pet_to_t1w
                       * petdeface_wf.single_subject_05_wf.pet_sub-05_ses-01_wf.coreg_pet_to_t1w
                       * petdeface_wf.single_subject_04_wf.pet_sub-04_ses-02_wf.coreg_pet_to_t1w
2025-05-01 18:01:42,811 - INFO - [Node] Finished "coreg_pet_to_t1w", elapsed time 405.889744s.
2025-05-01 18:01:42,820 - INFO - [Job 10] Completed (petdeface_wf.single_subject_04_wf.pet_sub-04_ses-02_wf.coreg_pet_to_t1w).
2025-05-01 18:01:42,822 - INFO - [MultiProc] Running 3 tasks, and 3 jobs ready. Free memory (GB): 337.83/338.43, Free processors: 1/4, Free GPU slot:0/0.
                     Currently running:
                       * petdeface_wf.single_subject_06_wf.pet_sub-06_ses-01_wf.coreg_pet_to_t1w
                       * petdeface_wf.single_subject_05_wf.pet_sub-05_ses-02_wf.coreg_pet_to_t1w
                       * petdeface_wf.single_subject_05_wf.pet_sub-05_ses-01_wf.coreg_pet_to_t1w
2025-05-01 18:01:42,964 - INFO - [Node] Setting-up "petdeface_wf.single_subject_06_wf.pet_sub-06_ses-02_wf.coreg_pet_to_t1w" in "/home/tmp/tmpsdoku9ov/MC1_mni/petdeface_wf/single_subject_06_wf/pet_sub-06_ses-02_wf/coreg_pet_to_t1w".
2025-05-01 18:01:42,968 - INFO - [Node] Executing "coreg_pet_to_t1w" <nipype.interfaces.freesurfer.registration.MRICoreg>
2025-05-01 18:01:44,820 - INFO - [MultiProc] Running 4 tasks, and 2 jobs ready. Free memory (GB): 337.63/338.43, Free processors: 0/4, Free GPU slot:0/0.
                     Currently running:
                       * petdeface_wf.single_subject_06_wf.pet_sub-06_ses-02_wf.coreg_pet_to_t1w
                       * petdeface_wf.single_subject_06_wf.pet_sub-06_ses-01_wf.coreg_pet_to_t1w
                       * petdeface_wf.single_subject_05_wf.pet_sub-05_ses-02_wf.coreg_pet_to_t1w
                       * petdeface_wf.single_subject_05_wf.pet_sub-05_ses-01_wf.coreg_pet_to_t1w
2025-05-01 18:01:55,865 - INFO - [Node] Finished "coreg_pet_to_t1w", elapsed time 402.954893s.
2025-05-01 18:01:56,821 - INFO - [Job 12] Completed (petdeface_wf.single_subject_05_wf.pet_sub-05_ses-02_wf.coreg_pet_to_t1w).
2025-05-01 18:01:56,823 - INFO - [MultiProc] Running 3 tasks, and 3 jobs ready. Free memory (GB): 337.83/338.43, Free processors: 1/4, Free GPU slot:0/0.
                     Currently running:
                       * petdeface_wf.single_subject_06_wf.pet_sub-06_ses-02_wf.coreg_pet_to_t1w
                       * petdeface_wf.single_subject_06_wf.pet_sub-06_ses-01_wf.coreg_pet_to_t1w
                       * petdeface_wf.single_subject_05_wf.pet_sub-05_ses-01_wf.coreg_pet_to_t1w
2025-05-01 18:01:56,945 - INFO - [Node] Setting-up "petdeface_wf.single_subject_04_wf.pet_sub-04_ses-01_wf.deface_pet" in "/home/tmp/tmpsdoku9ov/MC1_mni/petdeface_wf/single_subject_04_wf/pet_sub-04_ses-01_wf/deface_pet".
2025-05-01 18:01:56,949 - INFO - [Node] Executing "deface_pet" <petdeface.mideface.ApplyMideface>
2025-05-01 18:01:58,822 - INFO - [MultiProc] Running 4 tasks, and 2 jobs ready. Free memory (GB): 337.63/338.43, Free processors: 0/4, Free GPU slot:0/0.
                     Currently running:
                       * petdeface_wf.single_subject_04_wf.pet_sub-04_ses-01_wf.deface_pet
                       * petdeface_wf.single_subject_06_wf.pet_sub-06_ses-02_wf.coreg_pet_to_t1w
                       * petdeface_wf.single_subject_06_wf.pet_sub-06_ses-01_wf.coreg_pet_to_t1w
                       * petdeface_wf.single_subject_05_wf.pet_sub-05_ses-01_wf.coreg_pet_to_t1w
2025-05-01 18:02:13,289 - INFO - [Node] Finished "coreg_pet_to_t1w", elapsed time 432.35584s.
2025-05-01 18:02:14,823 - INFO - [Job 11] Completed (petdeface_wf.single_subject_05_wf.pet_sub-05_ses-01_wf.coreg_pet_to_t1w).
2025-05-01 18:02:14,824 - INFO - [MultiProc] Running 3 tasks, and 3 jobs ready. Free memory (GB): 337.83/338.43, Free processors: 1/4, Free GPU slot:0/0.
                     Currently running:
                       * petdeface_wf.single_subject_04_wf.pet_sub-04_ses-01_wf.deface_pet
                       * petdeface_wf.single_subject_06_wf.pet_sub-06_ses-02_wf.coreg_pet_to_t1w
                       * petdeface_wf.single_subject_06_wf.pet_sub-06_ses-01_wf.coreg_pet_to_t1w
2025-05-01 18:02:14,938 - INFO - [Node] Setting-up "petdeface_wf.single_subject_04_wf.pet_sub-04_ses-02_wf.deface_pet" in "/home/tmp/tmpsdoku9ov/MC1_mni/petdeface_wf/single_subject_04_wf/pet_sub-04_ses-02_wf/deface_pet".
2025-05-01 18:02:14,942 - INFO - [Node] Executing "deface_pet" <petdeface.mideface.ApplyMideface>
2025-05-01 18:02:16,823 - INFO - [MultiProc] Running 4 tasks, and 2 jobs ready. Free memory (GB): 337.63/338.43, Free processors: 0/4, Free GPU slot:0/0.
                     Currently running:
                       * petdeface_wf.single_subject_04_wf.pet_sub-04_ses-02_wf.deface_pet
                       * petdeface_wf.single_subject_04_wf.pet_sub-04_ses-01_wf.deface_pet
                       * petdeface_wf.single_subject_06_wf.pet_sub-06_ses-02_wf.coreg_pet_to_t1w
                       * petdeface_wf.single_subject_06_wf.pet_sub-06_ses-01_wf.coreg_pet_to_t1w
2025-05-01 18:02:28,515 - INFO - [Node] Finished "deface_pet", elapsed time 31.564579s.
2025-05-01 18:02:28,824 - INFO - [Job 15] Completed (petdeface_wf.single_subject_04_wf.pet_sub-04_ses-01_wf.deface_pet).
2025-05-01 18:02:28,826 - INFO - [MultiProc] Running 3 tasks, and 2 jobs ready. Free memory (GB): 337.83/338.43, Free processors: 1/4, Free GPU slot:0/0.
                     Currently running:
                       * petdeface_wf.single_subject_04_wf.pet_sub-04_ses-02_wf.deface_pet
                       * petdeface_wf.single_subject_06_wf.pet_sub-06_ses-02_wf.coreg_pet_to_t1w
                       * petdeface_wf.single_subject_06_wf.pet_sub-06_ses-01_wf.coreg_pet_to_t1w
2025-05-01 18:02:28,942 - INFO - [Node] Setting-up "petdeface_wf.single_subject_05_wf.pet_sub-05_ses-01_wf.deface_pet" in "/home/tmp/tmpsdoku9ov/MC1_mni/petdeface_wf/single_subject_05_wf/pet_sub-05_ses-01_wf/deface_pet".
2025-05-01 18:02:28,945 - INFO - [Node] Executing "deface_pet" <petdeface.mideface.ApplyMideface>
2025-05-01 18:02:30,825 - INFO - [MultiProc] Running 4 tasks, and 1 jobs ready. Free memory (GB): 337.63/338.43, Free processors: 0/4, Free GPU slot:0/0.
                     Currently running:
                       * petdeface_wf.single_subject_05_wf.pet_sub-05_ses-01_wf.deface_pet
                       * petdeface_wf.single_subject_04_wf.pet_sub-04_ses-02_wf.deface_pet
                       * petdeface_wf.single_subject_06_wf.pet_sub-06_ses-02_wf.coreg_pet_to_t1w
                       * petdeface_wf.single_subject_06_wf.pet_sub-06_ses-01_wf.coreg_pet_to_t1w
2025-05-01 18:02:45,818 - INFO - [Node] Finished "deface_pet", elapsed time 30.874348s.
2025-05-01 18:02:46,826 - INFO - [Job 16] Completed (petdeface_wf.single_subject_04_wf.pet_sub-04_ses-02_wf.deface_pet).
2025-05-01 18:02:46,828 - INFO - [MultiProc] Running 3 tasks, and 2 jobs ready. Free memory (GB): 337.83/338.43, Free processors: 1/4, Free GPU slot:0/0.
                     Currently running:
                       * petdeface_wf.single_subject_05_wf.pet_sub-05_ses-01_wf.deface_pet
                       * petdeface_wf.single_subject_06_wf.pet_sub-06_ses-02_wf.coreg_pet_to_t1w
                       * petdeface_wf.single_subject_06_wf.pet_sub-06_ses-01_wf.coreg_pet_to_t1w
2025-05-01 18:02:46,964 - INFO - [Node] Setting-up "petdeface_wf.single_subject_05_wf.pet_sub-05_ses-02_wf.deface_pet" in "/home/tmp/tmpsdoku9ov/MC1_mni/petdeface_wf/single_subject_05_wf/pet_sub-05_ses-02_wf/deface_pet".
2025-05-01 18:02:46,967 - INFO - [Node] Executing "deface_pet" <petdeface.mideface.ApplyMideface>
2025-05-01 18:02:48,826 - INFO - [MultiProc] Running 4 tasks, and 1 jobs ready. Free memory (GB): 337.63/338.43, Free processors: 0/4, Free GPU slot:0/0.
                     Currently running:
                       * petdeface_wf.single_subject_05_wf.pet_sub-05_ses-02_wf.deface_pet
                       * petdeface_wf.single_subject_05_wf.pet_sub-05_ses-01_wf.deface_pet
                       * petdeface_wf.single_subject_06_wf.pet_sub-06_ses-02_wf.coreg_pet_to_t1w
                       * petdeface_wf.single_subject_06_wf.pet_sub-06_ses-01_wf.coreg_pet_to_t1w
2025-05-01 18:03:01,406 - INFO - [Node] Finished "deface_pet", elapsed time 32.458825s.
2025-05-01 18:03:02,827 - INFO - [Job 17] Completed (petdeface_wf.single_subject_05_wf.pet_sub-05_ses-01_wf.deface_pet).
2025-05-01 18:03:02,829 - INFO - [MultiProc] Running 3 tasks, and 1 jobs ready. Free memory (GB): 337.83/338.43, Free processors: 1/4, Free GPU slot:0/0.
                     Currently running:
                       * petdeface_wf.single_subject_05_wf.pet_sub-05_ses-02_wf.deface_pet
                       * petdeface_wf.single_subject_06_wf.pet_sub-06_ses-02_wf.coreg_pet_to_t1w
                       * petdeface_wf.single_subject_06_wf.pet_sub-06_ses-01_wf.coreg_pet_to_t1w
2025-05-01 18:03:02,950 - INFO - [Node] Setting-up "petdeface_wf.single_subject_04_wf.single_subject_04_wf.single_subject_04_wf.t1w_sub-04_wf.sink" in "/home/tmp/tmpsdoku9ov/MC1_mni/petdeface_wf/single_subject_04_wf/single_subject_04_wf/single_subject_04_wf/t1w_sub-04_wf/sink".
2025-05-01 18:03:02,956 - INFO - [Node] Executing "sink" <nipype.interfaces.io.DataSink>
2025-05-01 18:03:02,958 - INFO - [Node] Finished "sink", elapsed time 0.000773s.
2025-05-01 18:03:04,827 - INFO - [Job 21] Completed (petdeface_wf.single_subject_04_wf.single_subject_04_wf.single_subject_04_wf.t1w_sub-04_wf.sink).
2025-05-01 18:03:04,829 - INFO - [MultiProc] Running 3 tasks, and 0 jobs ready. Free memory (GB): 337.83/338.43, Free processors: 1/4, Free GPU slot:0/0.
                     Currently running:
                       * petdeface_wf.single_subject_05_wf.pet_sub-05_ses-02_wf.deface_pet
                       * petdeface_wf.single_subject_06_wf.pet_sub-06_ses-02_wf.coreg_pet_to_t1w
                       * petdeface_wf.single_subject_06_wf.pet_sub-06_ses-01_wf.coreg_pet_to_t1w
2025-05-01 18:03:20,017 - INFO - [Node] Finished "deface_pet", elapsed time 33.048s.
2025-05-01 18:03:20,829 - INFO - [Job 18] Completed (petdeface_wf.single_subject_05_wf.pet_sub-05_ses-02_wf.deface_pet).
2025-05-01 18:03:20,830 - INFO - [MultiProc] Running 2 tasks, and 1 jobs ready. Free memory (GB): 338.03/338.43, Free processors: 2/4, Free GPU slot:0/0.
                     Currently running:
                       * petdeface_wf.single_subject_06_wf.pet_sub-06_ses-02_wf.coreg_pet_to_t1w
                       * petdeface_wf.single_subject_06_wf.pet_sub-06_ses-01_wf.coreg_pet_to_t1w
2025-05-01 18:03:20,957 - INFO - [Node] Setting-up "petdeface_wf.single_subject_05_wf.single_subject_05_wf.single_subject_05_wf.t1w_sub-05_wf.sink" in "/home/tmp/tmpsdoku9ov/MC1_mni/petdeface_wf/single_subject_05_wf/single_subject_05_wf/single_subject_05_wf/t1w_sub-05_wf/sink".
2025-05-01 18:03:20,962 - INFO - [Node] Executing "sink" <nipype.interfaces.io.DataSink>
2025-05-01 18:03:20,964 - INFO - [Node] Finished "sink", elapsed time 0.000701s.
2025-05-01 18:03:22,829 - INFO - [Job 22] Completed (petdeface_wf.single_subject_05_wf.single_subject_05_wf.single_subject_05_wf.t1w_sub-05_wf.sink).
2025-05-01 18:03:22,830 - INFO - [MultiProc] Running 2 tasks, and 0 jobs ready. Free memory (GB): 338.03/338.43, Free processors: 2/4, Free GPU slot:0/0.
                     Currently running:
                       * petdeface_wf.single_subject_06_wf.pet_sub-06_ses-02_wf.coreg_pet_to_t1w
                       * petdeface_wf.single_subject_06_wf.pet_sub-06_ses-01_wf.coreg_pet_to_t1w
2025-05-01 18:03:52,432 - INFO - [Node] Finished "coreg_pet_to_t1w", elapsed time 419.507406s.
2025-05-01 18:03:52,832 - INFO - [Job 13] Completed (petdeface_wf.single_subject_06_wf.pet_sub-06_ses-01_wf.coreg_pet_to_t1w).
2025-05-01 18:03:52,833 - INFO - [MultiProc] Running 1 tasks, and 1 jobs ready. Free memory (GB): 338.23/338.43, Free processors: 3/4, Free GPU slot:0/0.
                     Currently running:
                       * petdeface_wf.single_subject_06_wf.pet_sub-06_ses-02_wf.coreg_pet_to_t1w
2025-05-01 18:03:52,955 - INFO - [Node] Setting-up "petdeface_wf.single_subject_06_wf.pet_sub-06_ses-01_wf.deface_pet" in "/home/tmp/tmpsdoku9ov/MC1_mni/petdeface_wf/single_subject_06_wf/pet_sub-06_ses-01_wf/deface_pet".
2025-05-01 18:03:52,959 - INFO - [Node] Executing "deface_pet" <petdeface.mideface.ApplyMideface>
2025-05-01 18:03:54,832 - INFO - [MultiProc] Running 2 tasks, and 0 jobs ready. Free memory (GB): 338.03/338.43, Free processors: 2/4, Free GPU slot:0/0.
                     Currently running:
                       * petdeface_wf.single_subject_06_wf.pet_sub-06_ses-01_wf.deface_pet
                       * petdeface_wf.single_subject_06_wf.pet_sub-06_ses-02_wf.coreg_pet_to_t1w
2025-05-01 18:04:25,169 - INFO - [Node] Finished "deface_pet", elapsed time 32.208614s.
2025-05-01 18:04:26,835 - INFO - [Job 19] Completed (petdeface_wf.single_subject_06_wf.pet_sub-06_ses-01_wf.deface_pet).
2025-05-01 18:04:26,837 - INFO - [MultiProc] Running 1 tasks, and 0 jobs ready. Free memory (GB): 338.23/338.43, Free processors: 3/4, Free GPU slot:0/0.
                     Currently running:
                       * petdeface_wf.single_subject_06_wf.pet_sub-06_ses-02_wf.coreg_pet_to_t1w
2025-05-01 18:08:06,842 - INFO - [Node] Finished "coreg_pet_to_t1w", elapsed time 383.872611s.
2025-05-01 18:08:06,855 - INFO - [Job 14] Completed (petdeface_wf.single_subject_06_wf.pet_sub-06_ses-02_wf.coreg_pet_to_t1w).
2025-05-01 18:08:06,857 - INFO - [MultiProc] Running 0 tasks, and 1 jobs ready. Free memory (GB): 338.43/338.43, Free processors: 4/4, Free GPU slot:0/0.
2025-05-01 18:08:06,974 - INFO - [Node] Setting-up "petdeface_wf.single_subject_06_wf.pet_sub-06_ses-02_wf.deface_pet" in "/home/tmp/tmpsdoku9ov/MC1_mni/petdeface_wf/single_subject_06_wf/pet_sub-06_ses-02_wf/deface_pet".
2025-05-01 18:08:06,977 - INFO - [Node] Executing "deface_pet" <petdeface.mideface.ApplyMideface>
2025-05-01 18:08:08,856 - INFO - [MultiProc] Running 1 tasks, and 0 jobs ready. Free memory (GB): 338.23/338.43, Free processors: 3/4, Free GPU slot:0/0.
                     Currently running:
                       * petdeface_wf.single_subject_06_wf.pet_sub-06_ses-02_wf.deface_pet
2025-05-01 18:08:38,556 - INFO - [Node] Finished "deface_pet", elapsed time 31.57725s.
2025-05-01 18:08:38,859 - INFO - [Job 20] Completed (petdeface_wf.single_subject_06_wf.pet_sub-06_ses-02_wf.deface_pet).
2025-05-01 18:08:38,861 - INFO - [MultiProc] Running 0 tasks, and 1 jobs ready. Free memory (GB): 338.43/338.43, Free processors: 4/4, Free GPU slot:0/0.
2025-05-01 18:08:38,980 - INFO - [Node] Setting-up "petdeface_wf.single_subject_06_wf.single_subject_06_wf.single_subject_06_wf.t1w_sub-06_wf.sink" in "/home/tmp/tmpsdoku9ov/MC1_mni/petdeface_wf/single_subject_06_wf/single_subject_06_wf/single_subject_06_wf/t1w_sub-06_wf/sink".
2025-05-01 18:08:38,986 - INFO - [Node] Executing "sink" <nipype.interfaces.io.DataSink>
2025-05-01 18:08:38,989 - INFO - [Node] Finished "sink", elapsed time 0.000781s.
2025-05-01 18:08:40,859 - INFO - [Job 23] Completed (petdeface_wf.single_subject_06_wf.single_subject_06_wf.single_subject_06_wf.t1w_sub-06_wf.sink).
2025-05-01 18:08:40,861 - INFO - [MultiProc] Running 0 tasks, and 0 jobs ready. Free memory (GB): 338.43/338.43, Free processors: 4/4, Free GPU slot:0/0.
2025-05-01 18:08:44,520 - INFO - Data can be found at /home/galassiae/petdeface_jupypter_book_results
2025-05-01 18:08:44,521 - INFO - finished processing for MC1:mni
2025-05-01 18:08:45,611 - INFO - Generated workflow graph: /home/tmp/tmp6jd56d78/TSPO_mni/petdeface_wf/petdeface.png (graph2use=colored, simple_form=True).
2025-05-01 18:08:45,618 - INFO - Workflow petdeface_wf settings: ['check', 'execution', 'logging', 'monitoring']
2025-05-01 18:08:45,624 - INFO - Running in parallel.
2025-05-01 18:08:45,626 - INFO - [MultiProc] Running 0 tasks, and 6 jobs ready. Free memory (GB): 338.43/338.43, Free processors: 4/4, Free GPU slot:0/0.
2025-05-01 18:08:45,773 - INFO - [Node] Setting-up "petdeface_wf.single_subject_sf06_wf.t1w_sub-sf06_wf.deface_t1w_sub-sf06" in "/home/tmp/tmp6jd56d78/TSPO_mni/petdeface_wf/single_subject_sf06_wf/t1w_sub-sf06_wf/deface_t1w_sub-sf06".
2025-05-01 18:08:45,774 - INFO - [Node] Setting-up "petdeface_wf.single_subject_sf06_wf.pet_sub-sf06_ses-baseline_wf.weighted_average" in "/home/tmp/tmp6jd56d78/TSPO_mni/petdeface_wf/single_subject_sf06_wf/pet_sub-sf06_ses-baseline_wf/weighted_average".
2025-05-01 18:08:45,774 - INFO - [Node] Setting-up "petdeface_wf.single_subject_sf07_wf.t1w_sub-sf07_wf.deface_t1w_sub-sf07" in "/home/tmp/tmp6jd56d78/TSPO_mni/petdeface_wf/single_subject_sf07_wf/t1w_sub-sf07_wf/deface_t1w_sub-sf07".
2025-05-01 18:08:45,774 - INFO - [Node] Setting-up "petdeface_wf.single_subject_sf07_wf.pet_sub-sf07_ses-baseline_wf.weighted_average" in "/home/tmp/tmp6jd56d78/TSPO_mni/petdeface_wf/single_subject_sf07_wf/pet_sub-sf07_ses-baseline_wf/weighted_average".
2025-05-01 18:08:45,778 - INFO - [Node] Executing "weighted_average" <petdeface.pet.WeightedAverage>
2025-05-01 18:08:45,778 - INFO - [Node] Executing "weighted_average" <petdeface.pet.WeightedAverage>
2025-05-01 18:08:45,778 - INFO - [Node] Executing "deface_t1w_sub-sf06" <petdeface.mideface.Mideface>
2025-05-01 18:08:45,779 - INFO - [Node] Executing "deface_t1w_sub-sf07" <petdeface.mideface.Mideface>
2025-05-01 18:08:47,627 - INFO - [MultiProc] Running 4 tasks, and 2 jobs ready. Free memory (GB): 337.63/338.43, Free processors: 0/4, Free GPU slot:0/0.
                     Currently running:
                       * petdeface_wf.single_subject_sf07_wf.pet_sub-sf07_ses-baseline_wf.weighted_average
                       * petdeface_wf.single_subject_sf07_wf.t1w_sub-sf07_wf.deface_t1w_sub-sf07
                       * petdeface_wf.single_subject_sf06_wf.pet_sub-sf06_ses-baseline_wf.weighted_average
                       * petdeface_wf.single_subject_sf06_wf.t1w_sub-sf06_wf.deface_t1w_sub-sf06
2025-05-01 18:08:50,205 - INFO - [Node] Finished "weighted_average", elapsed time 4.424954s.
2025-05-01 18:08:50,318 - INFO - [Node] Finished "weighted_average", elapsed time 4.537546s.
2025-05-01 18:08:51,626 - INFO - [Job 1] Completed (petdeface_wf.single_subject_sf06_wf.pet_sub-sf06_ses-baseline_wf.weighted_average).
2025-05-01 18:08:51,628 - INFO - [Job 3] Completed (petdeface_wf.single_subject_sf07_wf.pet_sub-sf07_ses-baseline_wf.weighted_average).
2025-05-01 18:08:51,629 - INFO - [MultiProc] Running 2 tasks, and 4 jobs ready. Free memory (GB): 338.03/338.43, Free processors: 2/4, Free GPU slot:0/0.
                     Currently running:
                       * petdeface_wf.single_subject_sf07_wf.t1w_sub-sf07_wf.deface_t1w_sub-sf07
                       * petdeface_wf.single_subject_sf06_wf.t1w_sub-sf06_wf.deface_t1w_sub-sf06
2025-05-01 18:08:51,783 - INFO - [Node] Setting-up "petdeface_wf.single_subject_sf08_wf.t1w_sub-sf08_wf.deface_t1w_sub-sf08" in "/home/tmp/tmp6jd56d78/TSPO_mni/petdeface_wf/single_subject_sf08_wf/t1w_sub-sf08_wf/deface_t1w_sub-sf08".
2025-05-01 18:08:51,783 - INFO - [Node] Setting-up "petdeface_wf.single_subject_sf08_wf.pet_sub-sf08_ses-baseline_wf.weighted_average" in "/home/tmp/tmp6jd56d78/TSPO_mni/petdeface_wf/single_subject_sf08_wf/pet_sub-sf08_ses-baseline_wf/weighted_average".
2025-05-01 18:08:51,785 - INFO - [Node] Executing "weighted_average" <petdeface.pet.WeightedAverage>
2025-05-01 18:08:51,786 - INFO - [Node] Executing "deface_t1w_sub-sf08" <petdeface.mideface.Mideface>
2025-05-01 18:08:53,627 - INFO - [MultiProc] Running 4 tasks, and 2 jobs ready. Free memory (GB): 337.63/338.43, Free processors: 0/4, Free GPU slot:0/0.
                     Currently running:
                       * petdeface_wf.single_subject_sf08_wf.pet_sub-sf08_ses-baseline_wf.weighted_average
                       * petdeface_wf.single_subject_sf08_wf.t1w_sub-sf08_wf.deface_t1w_sub-sf08
                       * petdeface_wf.single_subject_sf07_wf.t1w_sub-sf07_wf.deface_t1w_sub-sf07
                       * petdeface_wf.single_subject_sf06_wf.t1w_sub-sf06_wf.deface_t1w_sub-sf06
2025-05-01 18:08:55,975 - INFO - [Node] Finished "weighted_average", elapsed time 4.188282s.
2025-05-01 18:08:57,627 - INFO - [Job 5] Completed (petdeface_wf.single_subject_sf08_wf.pet_sub-sf08_ses-baseline_wf.weighted_average).
2025-05-01 18:08:57,628 - INFO - [MultiProc] Running 3 tasks, and 3 jobs ready. Free memory (GB): 337.83/338.43, Free processors: 1/4, Free GPU slot:0/0.
                     Currently running:
                       * petdeface_wf.single_subject_sf08_wf.t1w_sub-sf08_wf.deface_t1w_sub-sf08
                       * petdeface_wf.single_subject_sf07_wf.t1w_sub-sf07_wf.deface_t1w_sub-sf07
                       * petdeface_wf.single_subject_sf06_wf.t1w_sub-sf06_wf.deface_t1w_sub-sf06
2025-05-01 18:08:57,764 - INFO - [Node] Setting-up "petdeface_wf.single_subject_sf06_wf.pet_sub-sf06_ses-baseline_wf.coreg_pet_to_t1w" in "/home/tmp/tmp6jd56d78/TSPO_mni/petdeface_wf/single_subject_sf06_wf/pet_sub-sf06_ses-baseline_wf/coreg_pet_to_t1w".
2025-05-01 18:08:57,767 - INFO - [Node] Executing "coreg_pet_to_t1w" <nipype.interfaces.freesurfer.registration.MRICoreg>
2025-05-01 18:08:59,627 - INFO - [MultiProc] Running 4 tasks, and 2 jobs ready. Free memory (GB): 337.63/338.43, Free processors: 0/4, Free GPU slot:0/0.
                     Currently running:
                       * petdeface_wf.single_subject_sf06_wf.pet_sub-sf06_ses-baseline_wf.coreg_pet_to_t1w
                       * petdeface_wf.single_subject_sf08_wf.t1w_sub-sf08_wf.deface_t1w_sub-sf08
                       * petdeface_wf.single_subject_sf07_wf.t1w_sub-sf07_wf.deface_t1w_sub-sf07
                       * petdeface_wf.single_subject_sf06_wf.t1w_sub-sf06_wf.deface_t1w_sub-sf06
2025-05-01 18:14:20,410 - INFO - [Node] Finished "deface_t1w_sub-sf07", elapsed time 334.62862s.
2025-05-01 18:14:21,658 - INFO - [Job 2] Completed (petdeface_wf.single_subject_sf07_wf.t1w_sub-sf07_wf.deface_t1w_sub-sf07).
2025-05-01 18:14:21,660 - INFO - [MultiProc] Running 3 tasks, and 2 jobs ready. Free memory (GB): 337.83/338.43, Free processors: 1/4, Free GPU slot:0/0.
                     Currently running:
                       * petdeface_wf.single_subject_sf06_wf.pet_sub-sf06_ses-baseline_wf.coreg_pet_to_t1w
                       * petdeface_wf.single_subject_sf08_wf.t1w_sub-sf08_wf.deface_t1w_sub-sf08
                       * petdeface_wf.single_subject_sf06_wf.t1w_sub-sf06_wf.deface_t1w_sub-sf06
2025-05-01 18:14:21,825 - INFO - [Node] Setting-up "petdeface_wf.single_subject_sf07_wf.pet_sub-sf07_ses-baseline_wf.coreg_pet_to_t1w" in "/home/tmp/tmp6jd56d78/TSPO_mni/petdeface_wf/single_subject_sf07_wf/pet_sub-sf07_ses-baseline_wf/coreg_pet_to_t1w".
2025-05-01 18:14:21,829 - INFO - [Node] Executing "coreg_pet_to_t1w" <nipype.interfaces.freesurfer.registration.MRICoreg>
2025-05-01 18:14:22,980 - INFO - [Node] Finished "deface_t1w_sub-sf06", elapsed time 337.198994s.
2025-05-01 18:14:23,658 - INFO - [Job 0] Completed (petdeface_wf.single_subject_sf06_wf.t1w_sub-sf06_wf.deface_t1w_sub-sf06).
2025-05-01 18:14:23,660 - INFO - [MultiProc] Running 3 tasks, and 1 jobs ready. Free memory (GB): 337.83/338.43, Free processors: 1/4, Free GPU slot:0/0.
                     Currently running:
                       * petdeface_wf.single_subject_sf07_wf.pet_sub-sf07_ses-baseline_wf.coreg_pet_to_t1w
                       * petdeface_wf.single_subject_sf06_wf.pet_sub-sf06_ses-baseline_wf.coreg_pet_to_t1w
                       * petdeface_wf.single_subject_sf08_wf.t1w_sub-sf08_wf.deface_t1w_sub-sf08
2025-05-01 18:14:23,805 - INFO - [Node] Setting-up "petdeface_wf.single_subject_sf08_wf.pet_sub-sf08_ses-baseline_wf.coreg_pet_to_t1w" in "/home/tmp/tmp6jd56d78/TSPO_mni/petdeface_wf/single_subject_sf08_wf/pet_sub-sf08_ses-baseline_wf/coreg_pet_to_t1w".
2025-05-01 18:14:23,809 - INFO - [Node] Executing "coreg_pet_to_t1w" <nipype.interfaces.freesurfer.registration.MRICoreg>
2025-05-01 18:14:25,404 - INFO - [Node] Finished "deface_t1w_sub-sf08", elapsed time 333.617197s.
2025-05-01 18:14:25,658 - INFO - [Job 4] Completed (petdeface_wf.single_subject_sf08_wf.t1w_sub-sf08_wf.deface_t1w_sub-sf08).
2025-05-01 18:14:25,661 - INFO - [MultiProc] Running 3 tasks, and 0 jobs ready. Free memory (GB): 337.83/338.43, Free processors: 1/4, Free GPU slot:0/0.
                     Currently running:
                       * petdeface_wf.single_subject_sf08_wf.pet_sub-sf08_ses-baseline_wf.coreg_pet_to_t1w
                       * petdeface_wf.single_subject_sf07_wf.pet_sub-sf07_ses-baseline_wf.coreg_pet_to_t1w
                       * petdeface_wf.single_subject_sf06_wf.pet_sub-sf06_ses-baseline_wf.coreg_pet_to_t1w
2025-05-01 18:16:27,510 - INFO - [Node] Finished "coreg_pet_to_t1w", elapsed time 449.741415s.
2025-05-01 18:16:27,670 - INFO - [Job 6] Completed (petdeface_wf.single_subject_sf06_wf.pet_sub-sf06_ses-baseline_wf.coreg_pet_to_t1w).
2025-05-01 18:16:27,672 - INFO - [MultiProc] Running 2 tasks, and 1 jobs ready. Free memory (GB): 338.03/338.43, Free processors: 2/4, Free GPU slot:0/0.
                     Currently running:
                       * petdeface_wf.single_subject_sf08_wf.pet_sub-sf08_ses-baseline_wf.coreg_pet_to_t1w
                       * petdeface_wf.single_subject_sf07_wf.pet_sub-sf07_ses-baseline_wf.coreg_pet_to_t1w
2025-05-01 18:16:27,800 - INFO - [Node] Setting-up "petdeface_wf.single_subject_sf06_wf.pet_sub-sf06_ses-baseline_wf.deface_pet" in "/home/tmp/tmp6jd56d78/TSPO_mni/petdeface_wf/single_subject_sf06_wf/pet_sub-sf06_ses-baseline_wf/deface_pet".
2025-05-01 18:16:27,804 - INFO - [Node] Executing "deface_pet" <petdeface.mideface.ApplyMideface>
2025-05-01 18:16:29,671 - INFO - [MultiProc] Running 3 tasks, and 0 jobs ready. Free memory (GB): 337.83/338.43, Free processors: 1/4, Free GPU slot:0/0.
                     Currently running:
                       * petdeface_wf.single_subject_sf06_wf.pet_sub-sf06_ses-baseline_wf.deface_pet
                       * petdeface_wf.single_subject_sf08_wf.pet_sub-sf08_ses-baseline_wf.coreg_pet_to_t1w
                       * petdeface_wf.single_subject_sf07_wf.pet_sub-sf07_ses-baseline_wf.coreg_pet_to_t1w
2025-05-01 18:16:59,617 - INFO - [Node] Finished "deface_pet", elapsed time 31.811631s.
2025-05-01 18:16:59,673 - INFO - [Job 9] Completed (petdeface_wf.single_subject_sf06_wf.pet_sub-sf06_ses-baseline_wf.deface_pet).
2025-05-01 18:16:59,675 - INFO - [MultiProc] Running 2 tasks, and 1 jobs ready. Free memory (GB): 338.03/338.43, Free processors: 2/4, Free GPU slot:0/0.
                     Currently running:
                       * petdeface_wf.single_subject_sf08_wf.pet_sub-sf08_ses-baseline_wf.coreg_pet_to_t1w
                       * petdeface_wf.single_subject_sf07_wf.pet_sub-sf07_ses-baseline_wf.coreg_pet_to_t1w
2025-05-01 18:16:59,807 - INFO - [Node] Setting-up "petdeface_wf.single_subject_sf06_wf.single_subject_sf06_wf.t1w_sub-sf06_wf.sink" in "/home/tmp/tmp6jd56d78/TSPO_mni/petdeface_wf/single_subject_sf06_wf/single_subject_sf06_wf/t1w_sub-sf06_wf/sink".
2025-05-01 18:16:59,812 - INFO - [Node] Executing "sink" <nipype.interfaces.io.DataSink>
2025-05-01 18:16:59,814 - INFO - [Node] Finished "sink", elapsed time 0.000595s.
2025-05-01 18:17:01,673 - INFO - [Job 12] Completed (petdeface_wf.single_subject_sf06_wf.single_subject_sf06_wf.t1w_sub-sf06_wf.sink).
2025-05-01 18:17:01,675 - INFO - [MultiProc] Running 2 tasks, and 0 jobs ready. Free memory (GB): 338.03/338.43, Free processors: 2/4, Free GPU slot:0/0.
                     Currently running:
                       * petdeface_wf.single_subject_sf08_wf.pet_sub-sf08_ses-baseline_wf.coreg_pet_to_t1w
                       * petdeface_wf.single_subject_sf07_wf.pet_sub-sf07_ses-baseline_wf.coreg_pet_to_t1w
2025-05-01 18:20:23,788 - INFO - [Node] Finished "coreg_pet_to_t1w", elapsed time 359.978266s.
2025-05-01 18:20:25,692 - INFO - [Job 8] Completed (petdeface_wf.single_subject_sf08_wf.pet_sub-sf08_ses-baseline_wf.coreg_pet_to_t1w).
2025-05-01 18:20:25,694 - INFO - [MultiProc] Running 1 tasks, and 1 jobs ready. Free memory (GB): 338.23/338.43, Free processors: 3/4, Free GPU slot:0/0.
                     Currently running:
                       * petdeface_wf.single_subject_sf07_wf.pet_sub-sf07_ses-baseline_wf.coreg_pet_to_t1w
2025-05-01 18:20:25,822 - INFO - [Node] Setting-up "petdeface_wf.single_subject_sf08_wf.pet_sub-sf08_ses-baseline_wf.deface_pet" in "/home/tmp/tmp6jd56d78/TSPO_mni/petdeface_wf/single_subject_sf08_wf/pet_sub-sf08_ses-baseline_wf/deface_pet".
2025-05-01 18:20:25,826 - INFO - [Node] Executing "deface_pet" <petdeface.mideface.ApplyMideface>
2025-05-01 18:20:27,693 - INFO - [MultiProc] Running 2 tasks, and 0 jobs ready. Free memory (GB): 338.03/338.43, Free processors: 2/4, Free GPU slot:0/0.
                     Currently running:
                       * petdeface_wf.single_subject_sf08_wf.pet_sub-sf08_ses-baseline_wf.deface_pet
                       * petdeface_wf.single_subject_sf07_wf.pet_sub-sf07_ses-baseline_wf.coreg_pet_to_t1w
2025-05-01 18:20:55,822 - INFO - [Node] Finished "deface_pet", elapsed time 29.994646s.
2025-05-01 18:20:57,695 - INFO - [Job 11] Completed (petdeface_wf.single_subject_sf08_wf.pet_sub-sf08_ses-baseline_wf.deface_pet).
2025-05-01 18:20:57,697 - INFO - [MultiProc] Running 1 tasks, and 1 jobs ready. Free memory (GB): 338.23/338.43, Free processors: 3/4, Free GPU slot:0/0.
                     Currently running:
                       * petdeface_wf.single_subject_sf07_wf.pet_sub-sf07_ses-baseline_wf.coreg_pet_to_t1w
2025-05-01 18:20:57,825 - INFO - [Node] Setting-up "petdeface_wf.single_subject_sf08_wf.single_subject_sf08_wf.t1w_sub-sf08_wf.sink" in "/home/tmp/tmp6jd56d78/TSPO_mni/petdeface_wf/single_subject_sf08_wf/single_subject_sf08_wf/t1w_sub-sf08_wf/sink".
2025-05-01 18:20:57,829 - INFO - [Node] Executing "sink" <nipype.interfaces.io.DataSink>
2025-05-01 18:20:57,831 - INFO - [Node] Finished "sink", elapsed time 0.000538s.
2025-05-01 18:20:59,696 - INFO - [Job 14] Completed (petdeface_wf.single_subject_sf08_wf.single_subject_sf08_wf.t1w_sub-sf08_wf.sink).
2025-05-01 18:20:59,697 - INFO - [MultiProc] Running 1 tasks, and 0 jobs ready. Free memory (GB): 338.23/338.43, Free processors: 3/4, Free GPU slot:0/0.
                     Currently running:
                       * petdeface_wf.single_subject_sf07_wf.pet_sub-sf07_ses-baseline_wf.coreg_pet_to_t1w
2025-05-01 18:21:13,447 - INFO - [Node] Finished "coreg_pet_to_t1w", elapsed time 411.616914s.
2025-05-01 18:21:13,697 - INFO - [Job 7] Completed (petdeface_wf.single_subject_sf07_wf.pet_sub-sf07_ses-baseline_wf.coreg_pet_to_t1w).
2025-05-01 18:21:13,699 - INFO - [MultiProc] Running 0 tasks, and 1 jobs ready. Free memory (GB): 338.43/338.43, Free processors: 4/4, Free GPU slot:0/0.
2025-05-01 18:21:13,851 - INFO - [Node] Setting-up "petdeface_wf.single_subject_sf07_wf.pet_sub-sf07_ses-baseline_wf.deface_pet" in "/home/tmp/tmp6jd56d78/TSPO_mni/petdeface_wf/single_subject_sf07_wf/pet_sub-sf07_ses-baseline_wf/deface_pet".
2025-05-01 18:21:13,855 - INFO - [Node] Executing "deface_pet" <petdeface.mideface.ApplyMideface>
2025-05-01 18:21:15,697 - INFO - [MultiProc] Running 1 tasks, and 0 jobs ready. Free memory (GB): 338.23/338.43, Free processors: 3/4, Free GPU slot:0/0.
                     Currently running:
                       * petdeface_wf.single_subject_sf07_wf.pet_sub-sf07_ses-baseline_wf.deface_pet
2025-05-01 18:21:44,098 - INFO - [Node] Finished "deface_pet", elapsed time 30.242074s.
2025-05-01 18:21:45,700 - INFO - [Job 10] Completed (petdeface_wf.single_subject_sf07_wf.pet_sub-sf07_ses-baseline_wf.deface_pet).
2025-05-01 18:21:45,702 - INFO - [MultiProc] Running 0 tasks, and 1 jobs ready. Free memory (GB): 338.43/338.43, Free processors: 4/4, Free GPU slot:0/0.
2025-05-01 18:21:45,831 - INFO - [Node] Setting-up "petdeface_wf.single_subject_sf07_wf.single_subject_sf07_wf.t1w_sub-sf07_wf.sink" in "/home/tmp/tmp6jd56d78/TSPO_mni/petdeface_wf/single_subject_sf07_wf/single_subject_sf07_wf/t1w_sub-sf07_wf/sink".
2025-05-01 18:21:45,836 - INFO - [Node] Executing "sink" <nipype.interfaces.io.DataSink>
2025-05-01 18:21:45,838 - INFO - [Node] Finished "sink", elapsed time 0.000612s.
2025-05-01 18:21:47,701 - INFO - [Job 13] Completed (petdeface_wf.single_subject_sf07_wf.single_subject_sf07_wf.t1w_sub-sf07_wf.sink).
2025-05-01 18:21:47,702 - INFO - [MultiProc] Running 0 tasks, and 0 jobs ready. Free memory (GB): 338.43/338.43, Free processors: 4/4, Free GPU slot:0/0.
2025-05-01 18:21:50,604 - INFO - Data can be found at /home/galassiae/petdeface_jupypter_book_results
2025-05-01 18:21:50,605 - INFO - finished processing for TSPO:mni
